[2023-05-31 00:59:19] local.ERROR: Target class [BattleController] does not exist. {"exception":"[object] (Illuminate\\Contracts\\Container\\BindingResolutionException(code: 0): Target class [BattleController] does not exist. at C:\\Users\\aridn\\OneDrive\\Área de Trabalho\\fram dev php\\pokemon\\vendor\\laravel\\framework\\src\\Illuminate\\Container\\Container.php:916)
[stacktrace]
#0 C:\\Users\\aridn\\OneDrive\\Área de Trabalho\\fram dev php\\pokemon\\vendor\\laravel\\framework\\src\\Illuminate\\Container\\Container.php(795): Illuminate\\Container\\Container->build()
#1 C:\\Users\\aridn\\OneDrive\\Área de Trabalho\\fram dev php\\pokemon\\vendor\\laravel\\framework\\src\\Illuminate\\Foundation\\Application.php(933): Illuminate\\Container\\Container->resolve()
#2 C:\\Users\\aridn\\OneDrive\\Área de Trabalho\\fram dev php\\pokemon\\vendor\\laravel\\framework\\src\\Illuminate\\Container\\Container.php(731): Illuminate\\Foundation\\Application->resolve()
#3 C:\\Users\\aridn\\OneDrive\\Área de Trabalho\\fram dev php\\pokemon\\vendor\\laravel\\framework\\src\\Illuminate\\Foundation\\Application.php(918): Illuminate\\Container\\Container->make()
#4 C:\\Users\\aridn\\OneDrive\\Área de Trabalho\\fram dev php\\pokemon\\vendor\\laravel\\framework\\src\\Illuminate\\Routing\\Route.php(274): Illuminate\\Foundation\\Application->make()
#5 C:\\Users\\aridn\\OneDrive\\Área de Trabalho\\fram dev php\\pokemon\\vendor\\laravel\\framework\\src\\Illuminate\\Routing\\Route.php(260): Illuminate\\Routing\\Route->getController()
#6 C:\\Users\\aridn\\OneDrive\\Área de Trabalho\\fram dev php\\pokemon\\vendor\\laravel\\framework\\src\\Illuminate\\Routing\\Route.php(205): Illuminate\\Routing\\Route->runController()
#7 C:\\Users\\aridn\\OneDrive\\Área de Trabalho\\fram dev php\\pokemon\\vendor\\laravel\\framework\\src\\Illuminate\\Routing\\Router.php(799): Illuminate\\Routing\\Route->run()
#8 C:\\Users\\aridn\\OneDrive\\Área de Trabalho\\fram dev php\\pokemon\\vendor\\laravel\\framework\\src\\Illuminate\\Pipeline\\Pipeline.php(141): Illuminate\\Routing\\Router->Illuminate\\Routing\\{closure}()
#9 C:\\Users\\aridn\\OneDrive\\Área de Trabalho\\fram dev php\\pokemon\\vendor\\laravel\\framework\\src\\Illuminate\\Routing\\Middleware\\SubstituteBindings.php(50): Illuminate\\Pipeline\\Pipeline->Illuminate\\Pipeline\\{closure}()
#10 C:\\Users\\aridn\\OneDrive\\Área de Trabalho\\fram dev php\\pokemon\\vendor\\laravel\\framework\\src\\Illuminate\\Pipeline\\Pipeline.php(180): Illuminate\\Routing\\Middleware\\SubstituteBindings->handle()
#11 C:\\Users\\aridn\\OneDrive\\Área de Trabalho\\fram dev php\\pokemon\\vendor\\laravel\\framework\\src\\Illuminate\\Routing\\Middleware\\ThrottleRequests.php(152): Illuminate\\Pipeline\\Pipeline->Illuminate\\Pipeline\\{closure}()
#12 C:\\Users\\aridn\\OneDrive\\Área de Trabalho\\fram dev php\\pokemon\\vendor\\laravel\\framework\\src\\Illuminate\\Routing\\Middleware\\ThrottleRequests.php(118): Illuminate\\Routing\\Middleware\\ThrottleRequests->handleRequest()
#13 C:\\Users\\aridn\\OneDrive\\Área de Trabalho\\fram dev php\\pokemon\\vendor\\laravel\\framework\\src\\Illuminate\\Routing\\Middleware\\ThrottleRequests.php(80): Illuminate\\Routing\\Middleware\\ThrottleRequests->handleRequestUsingNamedLimiter()
#14 C:\\Users\\aridn\\OneDrive\\Área de Trabalho\\fram dev php\\pokemon\\vendor\\laravel\\framework\\src\\Illuminate\\Pipeline\\Pipeline.php(180): Illuminate\\Routing\\Middleware\\ThrottleRequests->handle()
#15 C:\\Users\\aridn\\OneDrive\\Área de Trabalho\\fram dev php\\pokemon\\vendor\\laravel\\framework\\src\\Illuminate\\Pipeline\\Pipeline.php(116): Illuminate\\Pipeline\\Pipeline->Illuminate\\Pipeline\\{closure}()
#16 C:\\Users\\aridn\\OneDrive\\Área de Trabalho\\fram dev php\\pokemon\\vendor\\laravel\\framework\\src\\Illuminate\\Routing\\Router.php(798): Illuminate\\Pipeline\\Pipeline->then()
#17 C:\\Users\\aridn\\OneDrive\\Área de Trabalho\\fram dev php\\pokemon\\vendor\\laravel\\framework\\src\\Illuminate\\Routing\\Router.php(777): Illuminate\\Routing\\Router->runRouteWithinStack()
#18 C:\\Users\\aridn\\OneDrive\\Área de Trabalho\\fram dev php\\pokemon\\vendor\\laravel\\framework\\src\\Illuminate\\Routing\\Router.php(741): Illuminate\\Routing\\Router->runRoute()
#19 C:\\Users\\aridn\\OneDrive\\Área de Trabalho\\fram dev php\\pokemon\\vendor\\laravel\\framework\\src\\Illuminate\\Routing\\Router.php(730): Illuminate\\Routing\\Router->dispatchToRoute()
#20 C:\\Users\\aridn\\OneDrive\\Área de Trabalho\\fram dev php\\pokemon\\vendor\\laravel\\framework\\src\\Illuminate\\Foundation\\Http\\Kernel.php(200): Illuminate\\Routing\\Router->dispatch()
#21 C:\\Users\\aridn\\OneDrive\\Área de Trabalho\\fram dev php\\pokemon\\vendor\\laravel\\framework\\src\\Illuminate\\Pipeline\\Pipeline.php(141): Illuminate\\Foundation\\Http\\Kernel->Illuminate\\Foundation\\Http\\{closure}()
#22 C:\\Users\\aridn\\OneDrive\\Área de Trabalho\\fram dev php\\pokemon\\vendor\\laravel\\framework\\src\\Illuminate\\Foundation\\Http\\Middleware\\TransformsRequest.php(21): Illuminate\\Pipeline\\Pipeline->Illuminate\\Pipeline\\{closure}()
#23 C:\\Users\\aridn\\OneDrive\\Área de Trabalho\\fram dev php\\pokemon\\vendor\\laravel\\framework\\src\\Illuminate\\Foundation\\Http\\Middleware\\ConvertEmptyStringsToNull.php(31): Illuminate\\Foundation\\Http\\Middleware\\TransformsRequest->handle()
#24 C:\\Users\\aridn\\OneDrive\\Área de Trabalho\\fram dev php\\pokemon\\vendor\\laravel\\framework\\src\\Illuminate\\Pipeline\\Pipeline.php(180): Illuminate\\Foundation\\Http\\Middleware\\ConvertEmptyStringsToNull->handle()
#25 C:\\Users\\aridn\\OneDrive\\Área de Trabalho\\fram dev php\\pokemon\\vendor\\laravel\\framework\\src\\Illuminate\\Foundation\\Http\\Middleware\\TransformsRequest.php(21): Illuminate\\Pipeline\\Pipeline->Illuminate\\Pipeline\\{closure}()
#26 C:\\Users\\aridn\\OneDrive\\Área de Trabalho\\fram dev php\\pokemon\\vendor\\laravel\\framework\\src\\Illuminate\\Foundation\\Http\\Middleware\\TrimStrings.php(40): Illuminate\\Foundation\\Http\\Middleware\\TransformsRequest->handle()
#27 C:\\Users\\aridn\\OneDrive\\Área de Trabalho\\fram dev php\\pokemon\\vendor\\laravel\\framework\\src\\Illuminate\\Pipeline\\Pipeline.php(180): Illuminate\\Foundation\\Http\\Middleware\\TrimStrings->handle()
#28 C:\\Users\\aridn\\OneDrive\\Área de Trabalho\\fram dev php\\pokemon\\vendor\\laravel\\framework\\src\\Illuminate\\Foundation\\Http\\Middleware\\ValidatePostSize.php(27): Illuminate\\Pipeline\\Pipeline->Illuminate\\Pipeline\\{closure}()
#29 C:\\Users\\aridn\\OneDrive\\Área de Trabalho\\fram dev php\\pokemon\\vendor\\laravel\\framework\\src\\Illuminate\\Pipeline\\Pipeline.php(180): Illuminate\\Foundation\\Http\\Middleware\\ValidatePostSize->handle()
#30 C:\\Users\\aridn\\OneDrive\\Área de Trabalho\\fram dev php\\pokemon\\vendor\\laravel\\framework\\src\\Illuminate\\Foundation\\Http\\Middleware\\PreventRequestsDuringMaintenance.php(86): Illuminate\\Pipeline\\Pipeline->Illuminate\\Pipeline\\{closure}()
#31 C:\\Users\\aridn\\OneDrive\\Área de Trabalho\\fram dev php\\pokemon\\vendor\\laravel\\framework\\src\\Illuminate\\Pipeline\\Pipeline.php(180): Illuminate\\Foundation\\Http\\Middleware\\PreventRequestsDuringMaintenance->handle()
#32 C:\\Users\\aridn\\OneDrive\\Área de Trabalho\\fram dev php\\pokemon\\vendor\\laravel\\framework\\src\\Illuminate\\Http\\Middleware\\HandleCors.php(62): Illuminate\\Pipeline\\Pipeline->Illuminate\\Pipeline\\{closure}()
#33 C:\\Users\\aridn\\OneDrive\\Área de Trabalho\\fram dev php\\pokemon\\vendor\\laravel\\framework\\src\\Illuminate\\Pipeline\\Pipeline.php(180): Illuminate\\Http\\Middleware\\HandleCors->handle()
#34 C:\\Users\\aridn\\OneDrive\\Área de Trabalho\\fram dev php\\pokemon\\vendor\\laravel\\framework\\src\\Illuminate\\Http\\Middleware\\TrustProxies.php(39): Illuminate\\Pipeline\\Pipeline->Illuminate\\Pipeline\\{closure}()
#35 C:\\Users\\aridn\\OneDrive\\Área de Trabalho\\fram dev php\\pokemon\\vendor\\laravel\\framework\\src\\Illuminate\\Pipeline\\Pipeline.php(180): Illuminate\\Http\\Middleware\\TrustProxies->handle()
#36 C:\\Users\\aridn\\OneDrive\\Área de Trabalho\\fram dev php\\pokemon\\vendor\\laravel\\framework\\src\\Illuminate\\Pipeline\\Pipeline.php(116): Illuminate\\Pipeline\\Pipeline->Illuminate\\Pipeline\\{closure}()
#37 C:\\Users\\aridn\\OneDrive\\Área de Trabalho\\fram dev php\\pokemon\\vendor\\laravel\\framework\\src\\Illuminate\\Foundation\\Http\\Kernel.php(175): Illuminate\\Pipeline\\Pipeline->then()
#38 C:\\Users\\aridn\\OneDrive\\Área de Trabalho\\fram dev php\\pokemon\\vendor\\laravel\\framework\\src\\Illuminate\\Foundation\\Http\\Kernel.php(144): Illuminate\\Foundation\\Http\\Kernel->sendRequestThroughRouter()
#39 C:\\Users\\aridn\\OneDrive\\Área de Trabalho\\fram dev php\\pokemon\\public\\index.php(51): Illuminate\\Foundation\\Http\\Kernel->handle()
#40 C:\\Users\\aridn\\OneDrive\\Área de Trabalho\\fram dev php\\pokemon\\vendor\\laravel\\framework\\src\\Illuminate\\Foundation\\resources\\server.php(16): require_once('...')
#41 {main}

[previous exception] [object] (ReflectionException(code: -1): Class \"BattleController\" does not exist at C:\\Users\\aridn\\OneDrive\\Área de Trabalho\\fram dev php\\pokemon\\vendor\\laravel\\framework\\src\\Illuminate\\Container\\Container.php:914)
[stacktrace]
#0 C:\\Users\\aridn\\OneDrive\\Área de Trabalho\\fram dev php\\pokemon\\vendor\\laravel\\framework\\src\\Illuminate\\Container\\Container.php(914): ReflectionClass->__construct()
#1 C:\\Users\\aridn\\OneDrive\\Área de Trabalho\\fram dev php\\pokemon\\vendor\\laravel\\framework\\src\\Illuminate\\Container\\Container.php(795): Illuminate\\Container\\Container->build()
#2 C:\\Users\\aridn\\OneDrive\\Área de Trabalho\\fram dev php\\pokemon\\vendor\\laravel\\framework\\src\\Illuminate\\Foundation\\Application.php(933): Illuminate\\Container\\Container->resolve()
#3 C:\\Users\\aridn\\OneDrive\\Área de Trabalho\\fram dev php\\pokemon\\vendor\\laravel\\framework\\src\\Illuminate\\Container\\Container.php(731): Illuminate\\Foundation\\Application->resolve()
#4 C:\\Users\\aridn\\OneDrive\\Área de Trabalho\\fram dev php\\pokemon\\vendor\\laravel\\framework\\src\\Illuminate\\Foundation\\Application.php(918): Illuminate\\Container\\Container->make()
#5 C:\\Users\\aridn\\OneDrive\\Área de Trabalho\\fram dev php\\pokemon\\vendor\\laravel\\framework\\src\\Illuminate\\Routing\\Route.php(274): Illuminate\\Foundation\\Application->make()
#6 C:\\Users\\aridn\\OneDrive\\Área de Trabalho\\fram dev php\\pokemon\\vendor\\laravel\\framework\\src\\Illuminate\\Routing\\Route.php(260): Illuminate\\Routing\\Route->getController()
#7 C:\\Users\\aridn\\OneDrive\\Área de Trabalho\\fram dev php\\pokemon\\vendor\\laravel\\framework\\src\\Illuminate\\Routing\\Route.php(205): Illuminate\\Routing\\Route->runController()
#8 C:\\Users\\aridn\\OneDrive\\Área de Trabalho\\fram dev php\\pokemon\\vendor\\laravel\\framework\\src\\Illuminate\\Routing\\Router.php(799): Illuminate\\Routing\\Route->run()
#9 C:\\Users\\aridn\\OneDrive\\Área de Trabalho\\fram dev php\\pokemon\\vendor\\laravel\\framework\\src\\Illuminate\\Pipeline\\Pipeline.php(141): Illuminate\\Routing\\Router->Illuminate\\Routing\\{closure}()
#10 C:\\Users\\aridn\\OneDrive\\Área de Trabalho\\fram dev php\\pokemon\\vendor\\laravel\\framework\\src\\Illuminate\\Routing\\Middleware\\SubstituteBindings.php(50): Illuminate\\Pipeline\\Pipeline->Illuminate\\Pipeline\\{closure}()
#11 C:\\Users\\aridn\\OneDrive\\Área de Trabalho\\fram dev php\\pokemon\\vendor\\laravel\\framework\\src\\Illuminate\\Pipeline\\Pipeline.php(180): Illuminate\\Routing\\Middleware\\SubstituteBindings->handle()
#12 C:\\Users\\aridn\\OneDrive\\Área de Trabalho\\fram dev php\\pokemon\\vendor\\laravel\\framework\\src\\Illuminate\\Routing\\Middleware\\ThrottleRequests.php(152): Illuminate\\Pipeline\\Pipeline->Illuminate\\Pipeline\\{closure}()
#13 C:\\Users\\aridn\\OneDrive\\Área de Trabalho\\fram dev php\\pokemon\\vendor\\laravel\\framework\\src\\Illuminate\\Routing\\Middleware\\ThrottleRequests.php(118): Illuminate\\Routing\\Middleware\\ThrottleRequests->handleRequest()
#14 C:\\Users\\aridn\\OneDrive\\Área de Trabalho\\fram dev php\\pokemon\\vendor\\laravel\\framework\\src\\Illuminate\\Routing\\Middleware\\ThrottleRequests.php(80): Illuminate\\Routing\\Middleware\\ThrottleRequests->handleRequestUsingNamedLimiter()
#15 C:\\Users\\aridn\\OneDrive\\Área de Trabalho\\fram dev php\\pokemon\\vendor\\laravel\\framework\\src\\Illuminate\\Pipeline\\Pipeline.php(180): Illuminate\\Routing\\Middleware\\ThrottleRequests->handle()
#16 C:\\Users\\aridn\\OneDrive\\Área de Trabalho\\fram dev php\\pokemon\\vendor\\laravel\\framework\\src\\Illuminate\\Pipeline\\Pipeline.php(116): Illuminate\\Pipeline\\Pipeline->Illuminate\\Pipeline\\{closure}()
#17 C:\\Users\\aridn\\OneDrive\\Área de Trabalho\\fram dev php\\pokemon\\vendor\\laravel\\framework\\src\\Illuminate\\Routing\\Router.php(798): Illuminate\\Pipeline\\Pipeline->then()
#18 C:\\Users\\aridn\\OneDrive\\Área de Trabalho\\fram dev php\\pokemon\\vendor\\laravel\\framework\\src\\Illuminate\\Routing\\Router.php(777): Illuminate\\Routing\\Router->runRouteWithinStack()
#19 C:\\Users\\aridn\\OneDrive\\Área de Trabalho\\fram dev php\\pokemon\\vendor\\laravel\\framework\\src\\Illuminate\\Routing\\Router.php(741): Illuminate\\Routing\\Router->runRoute()
#20 C:\\Users\\aridn\\OneDrive\\Área de Trabalho\\fram dev php\\pokemon\\vendor\\laravel\\framework\\src\\Illuminate\\Routing\\Router.php(730): Illuminate\\Routing\\Router->dispatchToRoute()
#21 C:\\Users\\aridn\\OneDrive\\Área de Trabalho\\fram dev php\\pokemon\\vendor\\laravel\\framework\\src\\Illuminate\\Foundation\\Http\\Kernel.php(200): Illuminate\\Routing\\Router->dispatch()
#22 C:\\Users\\aridn\\OneDrive\\Área de Trabalho\\fram dev php\\pokemon\\vendor\\laravel\\framework\\src\\Illuminate\\Pipeline\\Pipeline.php(141): Illuminate\\Foundation\\Http\\Kernel->Illuminate\\Foundation\\Http\\{closure}()
#23 C:\\Users\\aridn\\OneDrive\\Área de Trabalho\\fram dev php\\pokemon\\vendor\\laravel\\framework\\src\\Illuminate\\Foundation\\Http\\Middleware\\TransformsRequest.php(21): Illuminate\\Pipeline\\Pipeline->Illuminate\\Pipeline\\{closure}()
#24 C:\\Users\\aridn\\OneDrive\\Área de Trabalho\\fram dev php\\pokemon\\vendor\\laravel\\framework\\src\\Illuminate\\Foundation\\Http\\Middleware\\ConvertEmptyStringsToNull.php(31): Illuminate\\Foundation\\Http\\Middleware\\TransformsRequest->handle()
#25 C:\\Users\\aridn\\OneDrive\\Área de Trabalho\\fram dev php\\pokemon\\vendor\\laravel\\framework\\src\\Illuminate\\Pipeline\\Pipeline.php(180): Illuminate\\Foundation\\Http\\Middleware\\ConvertEmptyStringsToNull->handle()
#26 C:\\Users\\aridn\\OneDrive\\Área de Trabalho\\fram dev php\\pokemon\\vendor\\laravel\\framework\\src\\Illuminate\\Foundation\\Http\\Middleware\\TransformsRequest.php(21): Illuminate\\Pipeline\\Pipeline->Illuminate\\Pipeline\\{closure}()
#27 C:\\Users\\aridn\\OneDrive\\Área de Trabalho\\fram dev php\\pokemon\\vendor\\laravel\\framework\\src\\Illuminate\\Foundation\\Http\\Middleware\\TrimStrings.php(40): Illuminate\\Foundation\\Http\\Middleware\\TransformsRequest->handle()
#28 C:\\Users\\aridn\\OneDrive\\Área de Trabalho\\fram dev php\\pokemon\\vendor\\laravel\\framework\\src\\Illuminate\\Pipeline\\Pipeline.php(180): Illuminate\\Foundation\\Http\\Middleware\\TrimStrings->handle()
#29 C:\\Users\\aridn\\OneDrive\\Área de Trabalho\\fram dev php\\pokemon\\vendor\\laravel\\framework\\src\\Illuminate\\Foundation\\Http\\Middleware\\ValidatePostSize.php(27): Illuminate\\Pipeline\\Pipeline->Illuminate\\Pipeline\\{closure}()
#30 C:\\Users\\aridn\\OneDrive\\Área de Trabalho\\fram dev php\\pokemon\\vendor\\laravel\\framework\\src\\Illuminate\\Pipeline\\Pipeline.php(180): Illuminate\\Foundation\\Http\\Middleware\\ValidatePostSize->handle()
#31 C:\\Users\\aridn\\OneDrive\\Área de Trabalho\\fram dev php\\pokemon\\vendor\\laravel\\framework\\src\\Illuminate\\Foundation\\Http\\Middleware\\PreventRequestsDuringMaintenance.php(86): Illuminate\\Pipeline\\Pipeline->Illuminate\\Pipeline\\{closure}()
#32 C:\\Users\\aridn\\OneDrive\\Área de Trabalho\\fram dev php\\pokemon\\vendor\\laravel\\framework\\src\\Illuminate\\Pipeline\\Pipeline.php(180): Illuminate\\Foundation\\Http\\Middleware\\PreventRequestsDuringMaintenance->handle()
#33 C:\\Users\\aridn\\OneDrive\\Área de Trabalho\\fram dev php\\pokemon\\vendor\\laravel\\framework\\src\\Illuminate\\Http\\Middleware\\HandleCors.php(62): Illuminate\\Pipeline\\Pipeline->Illuminate\\Pipeline\\{closure}()
#34 C:\\Users\\aridn\\OneDrive\\Área de Trabalho\\fram dev php\\pokemon\\vendor\\laravel\\framework\\src\\Illuminate\\Pipeline\\Pipeline.php(180): Illuminate\\Http\\Middleware\\HandleCors->handle()
#35 C:\\Users\\aridn\\OneDrive\\Área de Trabalho\\fram dev php\\pokemon\\vendor\\laravel\\framework\\src\\Illuminate\\Http\\Middleware\\TrustProxies.php(39): Illuminate\\Pipeline\\Pipeline->Illuminate\\Pipeline\\{closure}()
#36 C:\\Users\\aridn\\OneDrive\\Área de Trabalho\\fram dev php\\pokemon\\vendor\\laravel\\framework\\src\\Illuminate\\Pipeline\\Pipeline.php(180): Illuminate\\Http\\Middleware\\TrustProxies->handle()
#37 C:\\Users\\aridn\\OneDrive\\Área de Trabalho\\fram dev php\\pokemon\\vendor\\laravel\\framework\\src\\Illuminate\\Pipeline\\Pipeline.php(116): Illuminate\\Pipeline\\Pipeline->Illuminate\\Pipeline\\{closure}()
#38 C:\\Users\\aridn\\OneDrive\\Área de Trabalho\\fram dev php\\pokemon\\vendor\\laravel\\framework\\src\\Illuminate\\Foundation\\Http\\Kernel.php(175): Illuminate\\Pipeline\\Pipeline->then()
#39 C:\\Users\\aridn\\OneDrive\\Área de Trabalho\\fram dev php\\pokemon\\vendor\\laravel\\framework\\src\\Illuminate\\Foundation\\Http\\Kernel.php(144): Illuminate\\Foundation\\Http\\Kernel->sendRequestThroughRouter()
#40 C:\\Users\\aridn\\OneDrive\\Área de Trabalho\\fram dev php\\pokemon\\public\\index.php(51): Illuminate\\Foundation\\Http\\Kernel->handle()
#41 C:\\Users\\aridn\\OneDrive\\Área de Trabalho\\fram dev php\\pokemon\\vendor\\laravel\\framework\\src\\Illuminate\\Foundation\\resources\\server.php(16): require_once('...')
#42 {main}
"} 
[2023-05-31 01:00:23] local.ERROR: Target class [BattleController] does not exist. {"exception":"[object] (Illuminate\\Contracts\\Container\\BindingResolutionException(code: 0): Target class [BattleController] does not exist. at C:\\Users\\aridn\\OneDrive\\Área de Trabalho\\fram dev php\\pokemon\\vendor\\laravel\\framework\\src\\Illuminate\\Container\\Container.php:916)
[stacktrace]
#0 C:\\Users\\aridn\\OneDrive\\Área de Trabalho\\fram dev php\\pokemon\\vendor\\laravel\\framework\\src\\Illuminate\\Container\\Container.php(795): Illuminate\\Container\\Container->build()
#1 C:\\Users\\aridn\\OneDrive\\Área de Trabalho\\fram dev php\\pokemon\\vendor\\laravel\\framework\\src\\Illuminate\\Foundation\\Application.php(933): Illuminate\\Container\\Container->resolve()
#2 C:\\Users\\aridn\\OneDrive\\Área de Trabalho\\fram dev php\\pokemon\\vendor\\laravel\\framework\\src\\Illuminate\\Container\\Container.php(731): Illuminate\\Foundation\\Application->resolve()
#3 C:\\Users\\aridn\\OneDrive\\Área de Trabalho\\fram dev php\\pokemon\\vendor\\laravel\\framework\\src\\Illuminate\\Foundation\\Application.php(918): Illuminate\\Container\\Container->make()
#4 C:\\Users\\aridn\\OneDrive\\Área de Trabalho\\fram dev php\\pokemon\\vendor\\laravel\\framework\\src\\Illuminate\\Routing\\Route.php(274): Illuminate\\Foundation\\Application->make()
#5 C:\\Users\\aridn\\OneDrive\\Área de Trabalho\\fram dev php\\pokemon\\vendor\\laravel\\framework\\src\\Illuminate\\Routing\\Route.php(260): Illuminate\\Routing\\Route->getController()
#6 C:\\Users\\aridn\\OneDrive\\Área de Trabalho\\fram dev php\\pokemon\\vendor\\laravel\\framework\\src\\Illuminate\\Routing\\Route.php(205): Illuminate\\Routing\\Route->runController()
#7 C:\\Users\\aridn\\OneDrive\\Área de Trabalho\\fram dev php\\pokemon\\vendor\\laravel\\framework\\src\\Illuminate\\Routing\\Router.php(799): Illuminate\\Routing\\Route->run()
#8 C:\\Users\\aridn\\OneDrive\\Área de Trabalho\\fram dev php\\pokemon\\vendor\\laravel\\framework\\src\\Illuminate\\Pipeline\\Pipeline.php(141): Illuminate\\Routing\\Router->Illuminate\\Routing\\{closure}()
#9 C:\\Users\\aridn\\OneDrive\\Área de Trabalho\\fram dev php\\pokemon\\vendor\\laravel\\framework\\src\\Illuminate\\Routing\\Middleware\\SubstituteBindings.php(50): Illuminate\\Pipeline\\Pipeline->Illuminate\\Pipeline\\{closure}()
#10 C:\\Users\\aridn\\OneDrive\\Área de Trabalho\\fram dev php\\pokemon\\vendor\\laravel\\framework\\src\\Illuminate\\Pipeline\\Pipeline.php(180): Illuminate\\Routing\\Middleware\\SubstituteBindings->handle()
#11 C:\\Users\\aridn\\OneDrive\\Área de Trabalho\\fram dev php\\pokemon\\vendor\\laravel\\framework\\src\\Illuminate\\Routing\\Middleware\\ThrottleRequests.php(152): Illuminate\\Pipeline\\Pipeline->Illuminate\\Pipeline\\{closure}()
#12 C:\\Users\\aridn\\OneDrive\\Área de Trabalho\\fram dev php\\pokemon\\vendor\\laravel\\framework\\src\\Illuminate\\Routing\\Middleware\\ThrottleRequests.php(118): Illuminate\\Routing\\Middleware\\ThrottleRequests->handleRequest()
#13 C:\\Users\\aridn\\OneDrive\\Área de Trabalho\\fram dev php\\pokemon\\vendor\\laravel\\framework\\src\\Illuminate\\Routing\\Middleware\\ThrottleRequests.php(80): Illuminate\\Routing\\Middleware\\ThrottleRequests->handleRequestUsingNamedLimiter()
#14 C:\\Users\\aridn\\OneDrive\\Área de Trabalho\\fram dev php\\pokemon\\vendor\\laravel\\framework\\src\\Illuminate\\Pipeline\\Pipeline.php(180): Illuminate\\Routing\\Middleware\\ThrottleRequests->handle()
#15 C:\\Users\\aridn\\OneDrive\\Área de Trabalho\\fram dev php\\pokemon\\vendor\\laravel\\framework\\src\\Illuminate\\Pipeline\\Pipeline.php(116): Illuminate\\Pipeline\\Pipeline->Illuminate\\Pipeline\\{closure}()
#16 C:\\Users\\aridn\\OneDrive\\Área de Trabalho\\fram dev php\\pokemon\\vendor\\laravel\\framework\\src\\Illuminate\\Routing\\Router.php(798): Illuminate\\Pipeline\\Pipeline->then()
#17 C:\\Users\\aridn\\OneDrive\\Área de Trabalho\\fram dev php\\pokemon\\vendor\\laravel\\framework\\src\\Illuminate\\Routing\\Router.php(777): Illuminate\\Routing\\Router->runRouteWithinStack()
#18 C:\\Users\\aridn\\OneDrive\\Área de Trabalho\\fram dev php\\pokemon\\vendor\\laravel\\framework\\src\\Illuminate\\Routing\\Router.php(741): Illuminate\\Routing\\Router->runRoute()
#19 C:\\Users\\aridn\\OneDrive\\Área de Trabalho\\fram dev php\\pokemon\\vendor\\laravel\\framework\\src\\Illuminate\\Routing\\Router.php(730): Illuminate\\Routing\\Router->dispatchToRoute()
#20 C:\\Users\\aridn\\OneDrive\\Área de Trabalho\\fram dev php\\pokemon\\vendor\\laravel\\framework\\src\\Illuminate\\Foundation\\Http\\Kernel.php(200): Illuminate\\Routing\\Router->dispatch()
#21 C:\\Users\\aridn\\OneDrive\\Área de Trabalho\\fram dev php\\pokemon\\vendor\\laravel\\framework\\src\\Illuminate\\Pipeline\\Pipeline.php(141): Illuminate\\Foundation\\Http\\Kernel->Illuminate\\Foundation\\Http\\{closure}()
#22 C:\\Users\\aridn\\OneDrive\\Área de Trabalho\\fram dev php\\pokemon\\vendor\\laravel\\framework\\src\\Illuminate\\Foundation\\Http\\Middleware\\TransformsRequest.php(21): Illuminate\\Pipeline\\Pipeline->Illuminate\\Pipeline\\{closure}()
#23 C:\\Users\\aridn\\OneDrive\\Área de Trabalho\\fram dev php\\pokemon\\vendor\\laravel\\framework\\src\\Illuminate\\Foundation\\Http\\Middleware\\ConvertEmptyStringsToNull.php(31): Illuminate\\Foundation\\Http\\Middleware\\TransformsRequest->handle()
#24 C:\\Users\\aridn\\OneDrive\\Área de Trabalho\\fram dev php\\pokemon\\vendor\\laravel\\framework\\src\\Illuminate\\Pipeline\\Pipeline.php(180): Illuminate\\Foundation\\Http\\Middleware\\ConvertEmptyStringsToNull->handle()
#25 C:\\Users\\aridn\\OneDrive\\Área de Trabalho\\fram dev php\\pokemon\\vendor\\laravel\\framework\\src\\Illuminate\\Foundation\\Http\\Middleware\\TransformsRequest.php(21): Illuminate\\Pipeline\\Pipeline->Illuminate\\Pipeline\\{closure}()
#26 C:\\Users\\aridn\\OneDrive\\Área de Trabalho\\fram dev php\\pokemon\\vendor\\laravel\\framework\\src\\Illuminate\\Foundation\\Http\\Middleware\\TrimStrings.php(40): Illuminate\\Foundation\\Http\\Middleware\\TransformsRequest->handle()
#27 C:\\Users\\aridn\\OneDrive\\Área de Trabalho\\fram dev php\\pokemon\\vendor\\laravel\\framework\\src\\Illuminate\\Pipeline\\Pipeline.php(180): Illuminate\\Foundation\\Http\\Middleware\\TrimStrings->handle()
#28 C:\\Users\\aridn\\OneDrive\\Área de Trabalho\\fram dev php\\pokemon\\vendor\\laravel\\framework\\src\\Illuminate\\Foundation\\Http\\Middleware\\ValidatePostSize.php(27): Illuminate\\Pipeline\\Pipeline->Illuminate\\Pipeline\\{closure}()
#29 C:\\Users\\aridn\\OneDrive\\Área de Trabalho\\fram dev php\\pokemon\\vendor\\laravel\\framework\\src\\Illuminate\\Pipeline\\Pipeline.php(180): Illuminate\\Foundation\\Http\\Middleware\\ValidatePostSize->handle()
#30 C:\\Users\\aridn\\OneDrive\\Área de Trabalho\\fram dev php\\pokemon\\vendor\\laravel\\framework\\src\\Illuminate\\Foundation\\Http\\Middleware\\PreventRequestsDuringMaintenance.php(86): Illuminate\\Pipeline\\Pipeline->Illuminate\\Pipeline\\{closure}()
#31 C:\\Users\\aridn\\OneDrive\\Área de Trabalho\\fram dev php\\pokemon\\vendor\\laravel\\framework\\src\\Illuminate\\Pipeline\\Pipeline.php(180): Illuminate\\Foundation\\Http\\Middleware\\PreventRequestsDuringMaintenance->handle()
#32 C:\\Users\\aridn\\OneDrive\\Área de Trabalho\\fram dev php\\pokemon\\vendor\\laravel\\framework\\src\\Illuminate\\Http\\Middleware\\HandleCors.php(62): Illuminate\\Pipeline\\Pipeline->Illuminate\\Pipeline\\{closure}()
#33 C:\\Users\\aridn\\OneDrive\\Área de Trabalho\\fram dev php\\pokemon\\vendor\\laravel\\framework\\src\\Illuminate\\Pipeline\\Pipeline.php(180): Illuminate\\Http\\Middleware\\HandleCors->handle()
#34 C:\\Users\\aridn\\OneDrive\\Área de Trabalho\\fram dev php\\pokemon\\vendor\\laravel\\framework\\src\\Illuminate\\Http\\Middleware\\TrustProxies.php(39): Illuminate\\Pipeline\\Pipeline->Illuminate\\Pipeline\\{closure}()
#35 C:\\Users\\aridn\\OneDrive\\Área de Trabalho\\fram dev php\\pokemon\\vendor\\laravel\\framework\\src\\Illuminate\\Pipeline\\Pipeline.php(180): Illuminate\\Http\\Middleware\\TrustProxies->handle()
#36 C:\\Users\\aridn\\OneDrive\\Área de Trabalho\\fram dev php\\pokemon\\vendor\\laravel\\framework\\src\\Illuminate\\Pipeline\\Pipeline.php(116): Illuminate\\Pipeline\\Pipeline->Illuminate\\Pipeline\\{closure}()
#37 C:\\Users\\aridn\\OneDrive\\Área de Trabalho\\fram dev php\\pokemon\\vendor\\laravel\\framework\\src\\Illuminate\\Foundation\\Http\\Kernel.php(175): Illuminate\\Pipeline\\Pipeline->then()
#38 C:\\Users\\aridn\\OneDrive\\Área de Trabalho\\fram dev php\\pokemon\\vendor\\laravel\\framework\\src\\Illuminate\\Foundation\\Http\\Kernel.php(144): Illuminate\\Foundation\\Http\\Kernel->sendRequestThroughRouter()
#39 C:\\Users\\aridn\\OneDrive\\Área de Trabalho\\fram dev php\\pokemon\\public\\index.php(51): Illuminate\\Foundation\\Http\\Kernel->handle()
#40 C:\\Users\\aridn\\OneDrive\\Área de Trabalho\\fram dev php\\pokemon\\vendor\\laravel\\framework\\src\\Illuminate\\Foundation\\resources\\server.php(16): require_once('...')
#41 {main}

[previous exception] [object] (ReflectionException(code: -1): Class \"BattleController\" does not exist at C:\\Users\\aridn\\OneDrive\\Área de Trabalho\\fram dev php\\pokemon\\vendor\\laravel\\framework\\src\\Illuminate\\Container\\Container.php:914)
[stacktrace]
#0 C:\\Users\\aridn\\OneDrive\\Área de Trabalho\\fram dev php\\pokemon\\vendor\\laravel\\framework\\src\\Illuminate\\Container\\Container.php(914): ReflectionClass->__construct()
#1 C:\\Users\\aridn\\OneDrive\\Área de Trabalho\\fram dev php\\pokemon\\vendor\\laravel\\framework\\src\\Illuminate\\Container\\Container.php(795): Illuminate\\Container\\Container->build()
#2 C:\\Users\\aridn\\OneDrive\\Área de Trabalho\\fram dev php\\pokemon\\vendor\\laravel\\framework\\src\\Illuminate\\Foundation\\Application.php(933): Illuminate\\Container\\Container->resolve()
#3 C:\\Users\\aridn\\OneDrive\\Área de Trabalho\\fram dev php\\pokemon\\vendor\\laravel\\framework\\src\\Illuminate\\Container\\Container.php(731): Illuminate\\Foundation\\Application->resolve()
#4 C:\\Users\\aridn\\OneDrive\\Área de Trabalho\\fram dev php\\pokemon\\vendor\\laravel\\framework\\src\\Illuminate\\Foundation\\Application.php(918): Illuminate\\Container\\Container->make()
#5 C:\\Users\\aridn\\OneDrive\\Área de Trabalho\\fram dev php\\pokemon\\vendor\\laravel\\framework\\src\\Illuminate\\Routing\\Route.php(274): Illuminate\\Foundation\\Application->make()
#6 C:\\Users\\aridn\\OneDrive\\Área de Trabalho\\fram dev php\\pokemon\\vendor\\laravel\\framework\\src\\Illuminate\\Routing\\Route.php(260): Illuminate\\Routing\\Route->getController()
#7 C:\\Users\\aridn\\OneDrive\\Área de Trabalho\\fram dev php\\pokemon\\vendor\\laravel\\framework\\src\\Illuminate\\Routing\\Route.php(205): Illuminate\\Routing\\Route->runController()
#8 C:\\Users\\aridn\\OneDrive\\Área de Trabalho\\fram dev php\\pokemon\\vendor\\laravel\\framework\\src\\Illuminate\\Routing\\Router.php(799): Illuminate\\Routing\\Route->run()
#9 C:\\Users\\aridn\\OneDrive\\Área de Trabalho\\fram dev php\\pokemon\\vendor\\laravel\\framework\\src\\Illuminate\\Pipeline\\Pipeline.php(141): Illuminate\\Routing\\Router->Illuminate\\Routing\\{closure}()
#10 C:\\Users\\aridn\\OneDrive\\Área de Trabalho\\fram dev php\\pokemon\\vendor\\laravel\\framework\\src\\Illuminate\\Routing\\Middleware\\SubstituteBindings.php(50): Illuminate\\Pipeline\\Pipeline->Illuminate\\Pipeline\\{closure}()
#11 C:\\Users\\aridn\\OneDrive\\Área de Trabalho\\fram dev php\\pokemon\\vendor\\laravel\\framework\\src\\Illuminate\\Pipeline\\Pipeline.php(180): Illuminate\\Routing\\Middleware\\SubstituteBindings->handle()
#12 C:\\Users\\aridn\\OneDrive\\Área de Trabalho\\fram dev php\\pokemon\\vendor\\laravel\\framework\\src\\Illuminate\\Routing\\Middleware\\ThrottleRequests.php(152): Illuminate\\Pipeline\\Pipeline->Illuminate\\Pipeline\\{closure}()
#13 C:\\Users\\aridn\\OneDrive\\Área de Trabalho\\fram dev php\\pokemon\\vendor\\laravel\\framework\\src\\Illuminate\\Routing\\Middleware\\ThrottleRequests.php(118): Illuminate\\Routing\\Middleware\\ThrottleRequests->handleRequest()
#14 C:\\Users\\aridn\\OneDrive\\Área de Trabalho\\fram dev php\\pokemon\\vendor\\laravel\\framework\\src\\Illuminate\\Routing\\Middleware\\ThrottleRequests.php(80): Illuminate\\Routing\\Middleware\\ThrottleRequests->handleRequestUsingNamedLimiter()
#15 C:\\Users\\aridn\\OneDrive\\Área de Trabalho\\fram dev php\\pokemon\\vendor\\laravel\\framework\\src\\Illuminate\\Pipeline\\Pipeline.php(180): Illuminate\\Routing\\Middleware\\ThrottleRequests->handle()
#16 C:\\Users\\aridn\\OneDrive\\Área de Trabalho\\fram dev php\\pokemon\\vendor\\laravel\\framework\\src\\Illuminate\\Pipeline\\Pipeline.php(116): Illuminate\\Pipeline\\Pipeline->Illuminate\\Pipeline\\{closure}()
#17 C:\\Users\\aridn\\OneDrive\\Área de Trabalho\\fram dev php\\pokemon\\vendor\\laravel\\framework\\src\\Illuminate\\Routing\\Router.php(798): Illuminate\\Pipeline\\Pipeline->then()
#18 C:\\Users\\aridn\\OneDrive\\Área de Trabalho\\fram dev php\\pokemon\\vendor\\laravel\\framework\\src\\Illuminate\\Routing\\Router.php(777): Illuminate\\Routing\\Router->runRouteWithinStack()
#19 C:\\Users\\aridn\\OneDrive\\Área de Trabalho\\fram dev php\\pokemon\\vendor\\laravel\\framework\\src\\Illuminate\\Routing\\Router.php(741): Illuminate\\Routing\\Router->runRoute()
#20 C:\\Users\\aridn\\OneDrive\\Área de Trabalho\\fram dev php\\pokemon\\vendor\\laravel\\framework\\src\\Illuminate\\Routing\\Router.php(730): Illuminate\\Routing\\Router->dispatchToRoute()
#21 C:\\Users\\aridn\\OneDrive\\Área de Trabalho\\fram dev php\\pokemon\\vendor\\laravel\\framework\\src\\Illuminate\\Foundation\\Http\\Kernel.php(200): Illuminate\\Routing\\Router->dispatch()
#22 C:\\Users\\aridn\\OneDrive\\Área de Trabalho\\fram dev php\\pokemon\\vendor\\laravel\\framework\\src\\Illuminate\\Pipeline\\Pipeline.php(141): Illuminate\\Foundation\\Http\\Kernel->Illuminate\\Foundation\\Http\\{closure}()
#23 C:\\Users\\aridn\\OneDrive\\Área de Trabalho\\fram dev php\\pokemon\\vendor\\laravel\\framework\\src\\Illuminate\\Foundation\\Http\\Middleware\\TransformsRequest.php(21): Illuminate\\Pipeline\\Pipeline->Illuminate\\Pipeline\\{closure}()
#24 C:\\Users\\aridn\\OneDrive\\Área de Trabalho\\fram dev php\\pokemon\\vendor\\laravel\\framework\\src\\Illuminate\\Foundation\\Http\\Middleware\\ConvertEmptyStringsToNull.php(31): Illuminate\\Foundation\\Http\\Middleware\\TransformsRequest->handle()
#25 C:\\Users\\aridn\\OneDrive\\Área de Trabalho\\fram dev php\\pokemon\\vendor\\laravel\\framework\\src\\Illuminate\\Pipeline\\Pipeline.php(180): Illuminate\\Foundation\\Http\\Middleware\\ConvertEmptyStringsToNull->handle()
#26 C:\\Users\\aridn\\OneDrive\\Área de Trabalho\\fram dev php\\pokemon\\vendor\\laravel\\framework\\src\\Illuminate\\Foundation\\Http\\Middleware\\TransformsRequest.php(21): Illuminate\\Pipeline\\Pipeline->Illuminate\\Pipeline\\{closure}()
#27 C:\\Users\\aridn\\OneDrive\\Área de Trabalho\\fram dev php\\pokemon\\vendor\\laravel\\framework\\src\\Illuminate\\Foundation\\Http\\Middleware\\TrimStrings.php(40): Illuminate\\Foundation\\Http\\Middleware\\TransformsRequest->handle()
#28 C:\\Users\\aridn\\OneDrive\\Área de Trabalho\\fram dev php\\pokemon\\vendor\\laravel\\framework\\src\\Illuminate\\Pipeline\\Pipeline.php(180): Illuminate\\Foundation\\Http\\Middleware\\TrimStrings->handle()
#29 C:\\Users\\aridn\\OneDrive\\Área de Trabalho\\fram dev php\\pokemon\\vendor\\laravel\\framework\\src\\Illuminate\\Foundation\\Http\\Middleware\\ValidatePostSize.php(27): Illuminate\\Pipeline\\Pipeline->Illuminate\\Pipeline\\{closure}()
#30 C:\\Users\\aridn\\OneDrive\\Área de Trabalho\\fram dev php\\pokemon\\vendor\\laravel\\framework\\src\\Illuminate\\Pipeline\\Pipeline.php(180): Illuminate\\Foundation\\Http\\Middleware\\ValidatePostSize->handle()
#31 C:\\Users\\aridn\\OneDrive\\Área de Trabalho\\fram dev php\\pokemon\\vendor\\laravel\\framework\\src\\Illuminate\\Foundation\\Http\\Middleware\\PreventRequestsDuringMaintenance.php(86): Illuminate\\Pipeline\\Pipeline->Illuminate\\Pipeline\\{closure}()
#32 C:\\Users\\aridn\\OneDrive\\Área de Trabalho\\fram dev php\\pokemon\\vendor\\laravel\\framework\\src\\Illuminate\\Pipeline\\Pipeline.php(180): Illuminate\\Foundation\\Http\\Middleware\\PreventRequestsDuringMaintenance->handle()
#33 C:\\Users\\aridn\\OneDrive\\Área de Trabalho\\fram dev php\\pokemon\\vendor\\laravel\\framework\\src\\Illuminate\\Http\\Middleware\\HandleCors.php(62): Illuminate\\Pipeline\\Pipeline->Illuminate\\Pipeline\\{closure}()
#34 C:\\Users\\aridn\\OneDrive\\Área de Trabalho\\fram dev php\\pokemon\\vendor\\laravel\\framework\\src\\Illuminate\\Pipeline\\Pipeline.php(180): Illuminate\\Http\\Middleware\\HandleCors->handle()
#35 C:\\Users\\aridn\\OneDrive\\Área de Trabalho\\fram dev php\\pokemon\\vendor\\laravel\\framework\\src\\Illuminate\\Http\\Middleware\\TrustProxies.php(39): Illuminate\\Pipeline\\Pipeline->Illuminate\\Pipeline\\{closure}()
#36 C:\\Users\\aridn\\OneDrive\\Área de Trabalho\\fram dev php\\pokemon\\vendor\\laravel\\framework\\src\\Illuminate\\Pipeline\\Pipeline.php(180): Illuminate\\Http\\Middleware\\TrustProxies->handle()
#37 C:\\Users\\aridn\\OneDrive\\Área de Trabalho\\fram dev php\\pokemon\\vendor\\laravel\\framework\\src\\Illuminate\\Pipeline\\Pipeline.php(116): Illuminate\\Pipeline\\Pipeline->Illuminate\\Pipeline\\{closure}()
#38 C:\\Users\\aridn\\OneDrive\\Área de Trabalho\\fram dev php\\pokemon\\vendor\\laravel\\framework\\src\\Illuminate\\Foundation\\Http\\Kernel.php(175): Illuminate\\Pipeline\\Pipeline->then()
#39 C:\\Users\\aridn\\OneDrive\\Área de Trabalho\\fram dev php\\pokemon\\vendor\\laravel\\framework\\src\\Illuminate\\Foundation\\Http\\Kernel.php(144): Illuminate\\Foundation\\Http\\Kernel->sendRequestThroughRouter()
#40 C:\\Users\\aridn\\OneDrive\\Área de Trabalho\\fram dev php\\pokemon\\public\\index.php(51): Illuminate\\Foundation\\Http\\Kernel->handle()
#41 C:\\Users\\aridn\\OneDrive\\Área de Trabalho\\fram dev php\\pokemon\\vendor\\laravel\\framework\\src\\Illuminate\\Foundation\\resources\\server.php(16): require_once('...')
#42 {main}
"} 
[2023-05-31 01:02:26] local.ERROR: cURL error 60: SSL certificate problem: unable to get local issuer certificate (see https://curl.haxx.se/libcurl/c/libcurl-errors.html) for https://pokeapi.co/api/v2/pokemon/pikachu {"exception":"[object] (GuzzleHttp\\Exception\\RequestException(code: 0): cURL error 60: SSL certificate problem: unable to get local issuer certificate (see https://curl.haxx.se/libcurl/c/libcurl-errors.html) for https://pokeapi.co/api/v2/pokemon/pikachu at C:\\Users\\aridn\\OneDrive\\Área de Trabalho\\fram dev php\\pokemon\\vendor\\guzzlehttp\\guzzle\\src\\Handler\\CurlFactory.php:211)
[stacktrace]
#0 C:\\Users\\aridn\\OneDrive\\Área de Trabalho\\fram dev php\\pokemon\\vendor\\guzzlehttp\\guzzle\\src\\Handler\\CurlFactory.php(158): GuzzleHttp\\Handler\\CurlFactory::createRejection()
#1 C:\\Users\\aridn\\OneDrive\\Área de Trabalho\\fram dev php\\pokemon\\vendor\\guzzlehttp\\guzzle\\src\\Handler\\CurlFactory.php(110): GuzzleHttp\\Handler\\CurlFactory::finishError()
#2 C:\\Users\\aridn\\OneDrive\\Área de Trabalho\\fram dev php\\pokemon\\vendor\\guzzlehttp\\guzzle\\src\\Handler\\CurlHandler.php(47): GuzzleHttp\\Handler\\CurlFactory::finish()
#3 C:\\Users\\aridn\\OneDrive\\Área de Trabalho\\fram dev php\\pokemon\\vendor\\guzzlehttp\\guzzle\\src\\Handler\\Proxy.php(28): GuzzleHttp\\Handler\\CurlHandler->__invoke()
#4 C:\\Users\\aridn\\OneDrive\\Área de Trabalho\\fram dev php\\pokemon\\vendor\\guzzlehttp\\guzzle\\src\\Handler\\Proxy.php(48): GuzzleHttp\\Handler\\Proxy::GuzzleHttp\\Handler\\{closure}()
#5 C:\\Users\\aridn\\OneDrive\\Área de Trabalho\\fram dev php\\pokemon\\vendor\\laravel\\framework\\src\\Illuminate\\Http\\Client\\PendingRequest.php(1157): GuzzleHttp\\Handler\\Proxy::GuzzleHttp\\Handler\\{closure}()
#6 C:\\Users\\aridn\\OneDrive\\Área de Trabalho\\fram dev php\\pokemon\\vendor\\laravel\\framework\\src\\Illuminate\\Http\\Client\\PendingRequest.php(1123): Illuminate\\Http\\Client\\PendingRequest->Illuminate\\Http\\Client\\{closure}()
#7 C:\\Users\\aridn\\OneDrive\\Área de Trabalho\\fram dev php\\pokemon\\vendor\\laravel\\framework\\src\\Illuminate\\Http\\Client\\PendingRequest.php(1109): Illuminate\\Http\\Client\\PendingRequest->Illuminate\\Http\\Client\\{closure}()
#8 C:\\Users\\aridn\\OneDrive\\Área de Trabalho\\fram dev php\\pokemon\\vendor\\guzzlehttp\\guzzle\\src\\PrepareBodyMiddleware.php(35): Illuminate\\Http\\Client\\PendingRequest->Illuminate\\Http\\Client\\{closure}()
#9 C:\\Users\\aridn\\OneDrive\\Área de Trabalho\\fram dev php\\pokemon\\vendor\\guzzlehttp\\guzzle\\src\\Middleware.php(38): GuzzleHttp\\PrepareBodyMiddleware->__invoke()
#10 C:\\Users\\aridn\\OneDrive\\Área de Trabalho\\fram dev php\\pokemon\\vendor\\guzzlehttp\\guzzle\\src\\RedirectMiddleware.php(71): GuzzleHttp\\Middleware::GuzzleHttp\\{closure}()
#11 C:\\Users\\aridn\\OneDrive\\Área de Trabalho\\fram dev php\\pokemon\\vendor\\guzzlehttp\\guzzle\\src\\Middleware.php(63): GuzzleHttp\\RedirectMiddleware->__invoke()
#12 C:\\Users\\aridn\\OneDrive\\Área de Trabalho\\fram dev php\\pokemon\\vendor\\guzzlehttp\\guzzle\\src\\HandlerStack.php(75): GuzzleHttp\\Middleware::GuzzleHttp\\{closure}()
#13 C:\\Users\\aridn\\OneDrive\\Área de Trabalho\\fram dev php\\pokemon\\vendor\\guzzlehttp\\guzzle\\src\\Client.php(333): GuzzleHttp\\HandlerStack->__invoke()
#14 C:\\Users\\aridn\\OneDrive\\Área de Trabalho\\fram dev php\\pokemon\\vendor\\guzzlehttp\\guzzle\\src\\Client.php(169): GuzzleHttp\\Client->transfer()
#15 C:\\Users\\aridn\\OneDrive\\Área de Trabalho\\fram dev php\\pokemon\\vendor\\guzzlehttp\\guzzle\\src\\Client.php(189): GuzzleHttp\\Client->requestAsync()
#16 C:\\Users\\aridn\\OneDrive\\Área de Trabalho\\fram dev php\\pokemon\\vendor\\laravel\\framework\\src\\Illuminate\\Http\\Client\\PendingRequest.php(970): GuzzleHttp\\Client->request()
#17 C:\\Users\\aridn\\OneDrive\\Área de Trabalho\\fram dev php\\pokemon\\vendor\\laravel\\framework\\src\\Illuminate\\Http\\Client\\PendingRequest.php(824): Illuminate\\Http\\Client\\PendingRequest->sendRequest()
#18 C:\\Users\\aridn\\OneDrive\\Área de Trabalho\\fram dev php\\pokemon\\vendor\\laravel\\framework\\src\\Illuminate\\Support\\helpers.php(248): Illuminate\\Http\\Client\\PendingRequest->Illuminate\\Http\\Client\\{closure}()
#19 C:\\Users\\aridn\\OneDrive\\Área de Trabalho\\fram dev php\\pokemon\\vendor\\laravel\\framework\\src\\Illuminate\\Http\\Client\\PendingRequest.php(822): retry()
#20 C:\\Users\\aridn\\OneDrive\\Área de Trabalho\\fram dev php\\pokemon\\vendor\\laravel\\framework\\src\\Illuminate\\Http\\Client\\PendingRequest.php(700): Illuminate\\Http\\Client\\PendingRequest->send()
#21 C:\\Users\\aridn\\OneDrive\\Área de Trabalho\\fram dev php\\pokemon\\vendor\\laravel\\framework\\src\\Illuminate\\Http\\Client\\Factory.php(384): Illuminate\\Http\\Client\\PendingRequest->get()
#22 C:\\Users\\aridn\\OneDrive\\Área de Trabalho\\fram dev php\\pokemon\\vendor\\laravel\\framework\\src\\Illuminate\\Support\\Facades\\Facade.php(353): Illuminate\\Http\\Client\\Factory->__call()
#23 C:\\Users\\aridn\\OneDrive\\Área de Trabalho\\fram dev php\\pokemon\\app\\Http\\Controllers\\BattleController.php(40): Illuminate\\Support\\Facades\\Facade::__callStatic()
#24 C:\\Users\\aridn\\OneDrive\\Área de Trabalho\\fram dev php\\pokemon\\vendor\\laravel\\framework\\src\\Illuminate\\Routing\\Controller.php(54): App\\Http\\Controllers\\BattleController->show()
#25 C:\\Users\\aridn\\OneDrive\\Área de Trabalho\\fram dev php\\pokemon\\vendor\\laravel\\framework\\src\\Illuminate\\Routing\\ControllerDispatcher.php(43): Illuminate\\Routing\\Controller->callAction()
#26 C:\\Users\\aridn\\OneDrive\\Área de Trabalho\\fram dev php\\pokemon\\vendor\\laravel\\framework\\src\\Illuminate\\Routing\\Route.php(259): Illuminate\\Routing\\ControllerDispatcher->dispatch()
#27 C:\\Users\\aridn\\OneDrive\\Área de Trabalho\\fram dev php\\pokemon\\vendor\\laravel\\framework\\src\\Illuminate\\Routing\\Route.php(205): Illuminate\\Routing\\Route->runController()
#28 C:\\Users\\aridn\\OneDrive\\Área de Trabalho\\fram dev php\\pokemon\\vendor\\laravel\\framework\\src\\Illuminate\\Routing\\Router.php(799): Illuminate\\Routing\\Route->run()
#29 C:\\Users\\aridn\\OneDrive\\Área de Trabalho\\fram dev php\\pokemon\\vendor\\laravel\\framework\\src\\Illuminate\\Pipeline\\Pipeline.php(141): Illuminate\\Routing\\Router->Illuminate\\Routing\\{closure}()
#30 C:\\Users\\aridn\\OneDrive\\Área de Trabalho\\fram dev php\\pokemon\\vendor\\laravel\\framework\\src\\Illuminate\\Routing\\Middleware\\SubstituteBindings.php(50): Illuminate\\Pipeline\\Pipeline->Illuminate\\Pipeline\\{closure}()
#31 C:\\Users\\aridn\\OneDrive\\Área de Trabalho\\fram dev php\\pokemon\\vendor\\laravel\\framework\\src\\Illuminate\\Pipeline\\Pipeline.php(180): Illuminate\\Routing\\Middleware\\SubstituteBindings->handle()
#32 C:\\Users\\aridn\\OneDrive\\Área de Trabalho\\fram dev php\\pokemon\\vendor\\laravel\\framework\\src\\Illuminate\\Routing\\Middleware\\ThrottleRequests.php(152): Illuminate\\Pipeline\\Pipeline->Illuminate\\Pipeline\\{closure}()
#33 C:\\Users\\aridn\\OneDrive\\Área de Trabalho\\fram dev php\\pokemon\\vendor\\laravel\\framework\\src\\Illuminate\\Routing\\Middleware\\ThrottleRequests.php(118): Illuminate\\Routing\\Middleware\\ThrottleRequests->handleRequest()
#34 C:\\Users\\aridn\\OneDrive\\Área de Trabalho\\fram dev php\\pokemon\\vendor\\laravel\\framework\\src\\Illuminate\\Routing\\Middleware\\ThrottleRequests.php(80): Illuminate\\Routing\\Middleware\\ThrottleRequests->handleRequestUsingNamedLimiter()
#35 C:\\Users\\aridn\\OneDrive\\Área de Trabalho\\fram dev php\\pokemon\\vendor\\laravel\\framework\\src\\Illuminate\\Pipeline\\Pipeline.php(180): Illuminate\\Routing\\Middleware\\ThrottleRequests->handle()
#36 C:\\Users\\aridn\\OneDrive\\Área de Trabalho\\fram dev php\\pokemon\\vendor\\laravel\\framework\\src\\Illuminate\\Pipeline\\Pipeline.php(116): Illuminate\\Pipeline\\Pipeline->Illuminate\\Pipeline\\{closure}()
#37 C:\\Users\\aridn\\OneDrive\\Área de Trabalho\\fram dev php\\pokemon\\vendor\\laravel\\framework\\src\\Illuminate\\Routing\\Router.php(798): Illuminate\\Pipeline\\Pipeline->then()
#38 C:\\Users\\aridn\\OneDrive\\Área de Trabalho\\fram dev php\\pokemon\\vendor\\laravel\\framework\\src\\Illuminate\\Routing\\Router.php(777): Illuminate\\Routing\\Router->runRouteWithinStack()
#39 C:\\Users\\aridn\\OneDrive\\Área de Trabalho\\fram dev php\\pokemon\\vendor\\laravel\\framework\\src\\Illuminate\\Routing\\Router.php(741): Illuminate\\Routing\\Router->runRoute()
#40 C:\\Users\\aridn\\OneDrive\\Área de Trabalho\\fram dev php\\pokemon\\vendor\\laravel\\framework\\src\\Illuminate\\Routing\\Router.php(730): Illuminate\\Routing\\Router->dispatchToRoute()
#41 C:\\Users\\aridn\\OneDrive\\Área de Trabalho\\fram dev php\\pokemon\\vendor\\laravel\\framework\\src\\Illuminate\\Foundation\\Http\\Kernel.php(200): Illuminate\\Routing\\Router->dispatch()
#42 C:\\Users\\aridn\\OneDrive\\Área de Trabalho\\fram dev php\\pokemon\\vendor\\laravel\\framework\\src\\Illuminate\\Pipeline\\Pipeline.php(141): Illuminate\\Foundation\\Http\\Kernel->Illuminate\\Foundation\\Http\\{closure}()
#43 C:\\Users\\aridn\\OneDrive\\Área de Trabalho\\fram dev php\\pokemon\\vendor\\laravel\\framework\\src\\Illuminate\\Foundation\\Http\\Middleware\\TransformsRequest.php(21): Illuminate\\Pipeline\\Pipeline->Illuminate\\Pipeline\\{closure}()
#44 C:\\Users\\aridn\\OneDrive\\Área de Trabalho\\fram dev php\\pokemon\\vendor\\laravel\\framework\\src\\Illuminate\\Foundation\\Http\\Middleware\\ConvertEmptyStringsToNull.php(31): Illuminate\\Foundation\\Http\\Middleware\\TransformsRequest->handle()
#45 C:\\Users\\aridn\\OneDrive\\Área de Trabalho\\fram dev php\\pokemon\\vendor\\laravel\\framework\\src\\Illuminate\\Pipeline\\Pipeline.php(180): Illuminate\\Foundation\\Http\\Middleware\\ConvertEmptyStringsToNull->handle()
#46 C:\\Users\\aridn\\OneDrive\\Área de Trabalho\\fram dev php\\pokemon\\vendor\\laravel\\framework\\src\\Illuminate\\Foundation\\Http\\Middleware\\TransformsRequest.php(21): Illuminate\\Pipeline\\Pipeline->Illuminate\\Pipeline\\{closure}()
#47 C:\\Users\\aridn\\OneDrive\\Área de Trabalho\\fram dev php\\pokemon\\vendor\\laravel\\framework\\src\\Illuminate\\Foundation\\Http\\Middleware\\TrimStrings.php(40): Illuminate\\Foundation\\Http\\Middleware\\TransformsRequest->handle()
#48 C:\\Users\\aridn\\OneDrive\\Área de Trabalho\\fram dev php\\pokemon\\vendor\\laravel\\framework\\src\\Illuminate\\Pipeline\\Pipeline.php(180): Illuminate\\Foundation\\Http\\Middleware\\TrimStrings->handle()
#49 C:\\Users\\aridn\\OneDrive\\Área de Trabalho\\fram dev php\\pokemon\\vendor\\laravel\\framework\\src\\Illuminate\\Foundation\\Http\\Middleware\\ValidatePostSize.php(27): Illuminate\\Pipeline\\Pipeline->Illuminate\\Pipeline\\{closure}()
#50 C:\\Users\\aridn\\OneDrive\\Área de Trabalho\\fram dev php\\pokemon\\vendor\\laravel\\framework\\src\\Illuminate\\Pipeline\\Pipeline.php(180): Illuminate\\Foundation\\Http\\Middleware\\ValidatePostSize->handle()
#51 C:\\Users\\aridn\\OneDrive\\Área de Trabalho\\fram dev php\\pokemon\\vendor\\laravel\\framework\\src\\Illuminate\\Foundation\\Http\\Middleware\\PreventRequestsDuringMaintenance.php(86): Illuminate\\Pipeline\\Pipeline->Illuminate\\Pipeline\\{closure}()
#52 C:\\Users\\aridn\\OneDrive\\Área de Trabalho\\fram dev php\\pokemon\\vendor\\laravel\\framework\\src\\Illuminate\\Pipeline\\Pipeline.php(180): Illuminate\\Foundation\\Http\\Middleware\\PreventRequestsDuringMaintenance->handle()
#53 C:\\Users\\aridn\\OneDrive\\Área de Trabalho\\fram dev php\\pokemon\\vendor\\laravel\\framework\\src\\Illuminate\\Http\\Middleware\\HandleCors.php(62): Illuminate\\Pipeline\\Pipeline->Illuminate\\Pipeline\\{closure}()
#54 C:\\Users\\aridn\\OneDrive\\Área de Trabalho\\fram dev php\\pokemon\\vendor\\laravel\\framework\\src\\Illuminate\\Pipeline\\Pipeline.php(180): Illuminate\\Http\\Middleware\\HandleCors->handle()
#55 C:\\Users\\aridn\\OneDrive\\Área de Trabalho\\fram dev php\\pokemon\\vendor\\laravel\\framework\\src\\Illuminate\\Http\\Middleware\\TrustProxies.php(39): Illuminate\\Pipeline\\Pipeline->Illuminate\\Pipeline\\{closure}()
#56 C:\\Users\\aridn\\OneDrive\\Área de Trabalho\\fram dev php\\pokemon\\vendor\\laravel\\framework\\src\\Illuminate\\Pipeline\\Pipeline.php(180): Illuminate\\Http\\Middleware\\TrustProxies->handle()
#57 C:\\Users\\aridn\\OneDrive\\Área de Trabalho\\fram dev php\\pokemon\\vendor\\laravel\\framework\\src\\Illuminate\\Pipeline\\Pipeline.php(116): Illuminate\\Pipeline\\Pipeline->Illuminate\\Pipeline\\{closure}()
#58 C:\\Users\\aridn\\OneDrive\\Área de Trabalho\\fram dev php\\pokemon\\vendor\\laravel\\framework\\src\\Illuminate\\Foundation\\Http\\Kernel.php(175): Illuminate\\Pipeline\\Pipeline->then()
#59 C:\\Users\\aridn\\OneDrive\\Área de Trabalho\\fram dev php\\pokemon\\vendor\\laravel\\framework\\src\\Illuminate\\Foundation\\Http\\Kernel.php(144): Illuminate\\Foundation\\Http\\Kernel->sendRequestThroughRouter()
#60 C:\\Users\\aridn\\OneDrive\\Área de Trabalho\\fram dev php\\pokemon\\public\\index.php(51): Illuminate\\Foundation\\Http\\Kernel->handle()
#61 C:\\Users\\aridn\\OneDrive\\Área de Trabalho\\fram dev php\\pokemon\\vendor\\laravel\\framework\\src\\Illuminate\\Foundation\\resources\\server.php(16): require_once('...')
#62 {main}
"} 
[2023-05-31 01:03:26] local.ERROR: cURL error 60: SSL certificate problem: unable to get local issuer certificate (see https://curl.haxx.se/libcurl/c/libcurl-errors.html) for https://pokeapi.co/api/v2/pokemon/pikachu {"exception":"[object] (GuzzleHttp\\Exception\\RequestException(code: 0): cURL error 60: SSL certificate problem: unable to get local issuer certificate (see https://curl.haxx.se/libcurl/c/libcurl-errors.html) for https://pokeapi.co/api/v2/pokemon/pikachu at C:\\Users\\aridn\\OneDrive\\Área de Trabalho\\fram dev php\\pokemon\\vendor\\guzzlehttp\\guzzle\\src\\Handler\\CurlFactory.php:211)
[stacktrace]
#0 C:\\Users\\aridn\\OneDrive\\Área de Trabalho\\fram dev php\\pokemon\\vendor\\guzzlehttp\\guzzle\\src\\Handler\\CurlFactory.php(158): GuzzleHttp\\Handler\\CurlFactory::createRejection()
#1 C:\\Users\\aridn\\OneDrive\\Área de Trabalho\\fram dev php\\pokemon\\vendor\\guzzlehttp\\guzzle\\src\\Handler\\CurlFactory.php(110): GuzzleHttp\\Handler\\CurlFactory::finishError()
#2 C:\\Users\\aridn\\OneDrive\\Área de Trabalho\\fram dev php\\pokemon\\vendor\\guzzlehttp\\guzzle\\src\\Handler\\CurlHandler.php(47): GuzzleHttp\\Handler\\CurlFactory::finish()
#3 C:\\Users\\aridn\\OneDrive\\Área de Trabalho\\fram dev php\\pokemon\\vendor\\guzzlehttp\\guzzle\\src\\Handler\\Proxy.php(28): GuzzleHttp\\Handler\\CurlHandler->__invoke()
#4 C:\\Users\\aridn\\OneDrive\\Área de Trabalho\\fram dev php\\pokemon\\vendor\\guzzlehttp\\guzzle\\src\\Handler\\Proxy.php(48): GuzzleHttp\\Handler\\Proxy::GuzzleHttp\\Handler\\{closure}()
#5 C:\\Users\\aridn\\OneDrive\\Área de Trabalho\\fram dev php\\pokemon\\vendor\\laravel\\framework\\src\\Illuminate\\Http\\Client\\PendingRequest.php(1157): GuzzleHttp\\Handler\\Proxy::GuzzleHttp\\Handler\\{closure}()
#6 C:\\Users\\aridn\\OneDrive\\Área de Trabalho\\fram dev php\\pokemon\\vendor\\laravel\\framework\\src\\Illuminate\\Http\\Client\\PendingRequest.php(1123): Illuminate\\Http\\Client\\PendingRequest->Illuminate\\Http\\Client\\{closure}()
#7 C:\\Users\\aridn\\OneDrive\\Área de Trabalho\\fram dev php\\pokemon\\vendor\\laravel\\framework\\src\\Illuminate\\Http\\Client\\PendingRequest.php(1109): Illuminate\\Http\\Client\\PendingRequest->Illuminate\\Http\\Client\\{closure}()
#8 C:\\Users\\aridn\\OneDrive\\Área de Trabalho\\fram dev php\\pokemon\\vendor\\guzzlehttp\\guzzle\\src\\PrepareBodyMiddleware.php(35): Illuminate\\Http\\Client\\PendingRequest->Illuminate\\Http\\Client\\{closure}()
#9 C:\\Users\\aridn\\OneDrive\\Área de Trabalho\\fram dev php\\pokemon\\vendor\\guzzlehttp\\guzzle\\src\\Middleware.php(38): GuzzleHttp\\PrepareBodyMiddleware->__invoke()
#10 C:\\Users\\aridn\\OneDrive\\Área de Trabalho\\fram dev php\\pokemon\\vendor\\guzzlehttp\\guzzle\\src\\RedirectMiddleware.php(71): GuzzleHttp\\Middleware::GuzzleHttp\\{closure}()
#11 C:\\Users\\aridn\\OneDrive\\Área de Trabalho\\fram dev php\\pokemon\\vendor\\guzzlehttp\\guzzle\\src\\Middleware.php(63): GuzzleHttp\\RedirectMiddleware->__invoke()
#12 C:\\Users\\aridn\\OneDrive\\Área de Trabalho\\fram dev php\\pokemon\\vendor\\guzzlehttp\\guzzle\\src\\HandlerStack.php(75): GuzzleHttp\\Middleware::GuzzleHttp\\{closure}()
#13 C:\\Users\\aridn\\OneDrive\\Área de Trabalho\\fram dev php\\pokemon\\vendor\\guzzlehttp\\guzzle\\src\\Client.php(333): GuzzleHttp\\HandlerStack->__invoke()
#14 C:\\Users\\aridn\\OneDrive\\Área de Trabalho\\fram dev php\\pokemon\\vendor\\guzzlehttp\\guzzle\\src\\Client.php(169): GuzzleHttp\\Client->transfer()
#15 C:\\Users\\aridn\\OneDrive\\Área de Trabalho\\fram dev php\\pokemon\\vendor\\guzzlehttp\\guzzle\\src\\Client.php(189): GuzzleHttp\\Client->requestAsync()
#16 C:\\Users\\aridn\\OneDrive\\Área de Trabalho\\fram dev php\\pokemon\\vendor\\laravel\\framework\\src\\Illuminate\\Http\\Client\\PendingRequest.php(970): GuzzleHttp\\Client->request()
#17 C:\\Users\\aridn\\OneDrive\\Área de Trabalho\\fram dev php\\pokemon\\vendor\\laravel\\framework\\src\\Illuminate\\Http\\Client\\PendingRequest.php(824): Illuminate\\Http\\Client\\PendingRequest->sendRequest()
#18 C:\\Users\\aridn\\OneDrive\\Área de Trabalho\\fram dev php\\pokemon\\vendor\\laravel\\framework\\src\\Illuminate\\Support\\helpers.php(248): Illuminate\\Http\\Client\\PendingRequest->Illuminate\\Http\\Client\\{closure}()
#19 C:\\Users\\aridn\\OneDrive\\Área de Trabalho\\fram dev php\\pokemon\\vendor\\laravel\\framework\\src\\Illuminate\\Http\\Client\\PendingRequest.php(822): retry()
#20 C:\\Users\\aridn\\OneDrive\\Área de Trabalho\\fram dev php\\pokemon\\vendor\\laravel\\framework\\src\\Illuminate\\Http\\Client\\PendingRequest.php(700): Illuminate\\Http\\Client\\PendingRequest->send()
#21 C:\\Users\\aridn\\OneDrive\\Área de Trabalho\\fram dev php\\pokemon\\vendor\\laravel\\framework\\src\\Illuminate\\Http\\Client\\Factory.php(384): Illuminate\\Http\\Client\\PendingRequest->get()
#22 C:\\Users\\aridn\\OneDrive\\Área de Trabalho\\fram dev php\\pokemon\\vendor\\laravel\\framework\\src\\Illuminate\\Support\\Facades\\Facade.php(353): Illuminate\\Http\\Client\\Factory->__call()
#23 C:\\Users\\aridn\\OneDrive\\Área de Trabalho\\fram dev php\\pokemon\\app\\Http\\Controllers\\BattleController.php(40): Illuminate\\Support\\Facades\\Facade::__callStatic()
#24 C:\\Users\\aridn\\OneDrive\\Área de Trabalho\\fram dev php\\pokemon\\vendor\\laravel\\framework\\src\\Illuminate\\Routing\\Controller.php(54): App\\Http\\Controllers\\BattleController->show()
#25 C:\\Users\\aridn\\OneDrive\\Área de Trabalho\\fram dev php\\pokemon\\vendor\\laravel\\framework\\src\\Illuminate\\Routing\\ControllerDispatcher.php(43): Illuminate\\Routing\\Controller->callAction()
#26 C:\\Users\\aridn\\OneDrive\\Área de Trabalho\\fram dev php\\pokemon\\vendor\\laravel\\framework\\src\\Illuminate\\Routing\\Route.php(259): Illuminate\\Routing\\ControllerDispatcher->dispatch()
#27 C:\\Users\\aridn\\OneDrive\\Área de Trabalho\\fram dev php\\pokemon\\vendor\\laravel\\framework\\src\\Illuminate\\Routing\\Route.php(205): Illuminate\\Routing\\Route->runController()
#28 C:\\Users\\aridn\\OneDrive\\Área de Trabalho\\fram dev php\\pokemon\\vendor\\laravel\\framework\\src\\Illuminate\\Routing\\Router.php(799): Illuminate\\Routing\\Route->run()
#29 C:\\Users\\aridn\\OneDrive\\Área de Trabalho\\fram dev php\\pokemon\\vendor\\laravel\\framework\\src\\Illuminate\\Pipeline\\Pipeline.php(141): Illuminate\\Routing\\Router->Illuminate\\Routing\\{closure}()
#30 C:\\Users\\aridn\\OneDrive\\Área de Trabalho\\fram dev php\\pokemon\\vendor\\laravel\\framework\\src\\Illuminate\\Routing\\Middleware\\SubstituteBindings.php(50): Illuminate\\Pipeline\\Pipeline->Illuminate\\Pipeline\\{closure}()
#31 C:\\Users\\aridn\\OneDrive\\Área de Trabalho\\fram dev php\\pokemon\\vendor\\laravel\\framework\\src\\Illuminate\\Pipeline\\Pipeline.php(180): Illuminate\\Routing\\Middleware\\SubstituteBindings->handle()
#32 C:\\Users\\aridn\\OneDrive\\Área de Trabalho\\fram dev php\\pokemon\\vendor\\laravel\\framework\\src\\Illuminate\\Routing\\Middleware\\ThrottleRequests.php(152): Illuminate\\Pipeline\\Pipeline->Illuminate\\Pipeline\\{closure}()
#33 C:\\Users\\aridn\\OneDrive\\Área de Trabalho\\fram dev php\\pokemon\\vendor\\laravel\\framework\\src\\Illuminate\\Routing\\Middleware\\ThrottleRequests.php(118): Illuminate\\Routing\\Middleware\\ThrottleRequests->handleRequest()
#34 C:\\Users\\aridn\\OneDrive\\Área de Trabalho\\fram dev php\\pokemon\\vendor\\laravel\\framework\\src\\Illuminate\\Routing\\Middleware\\ThrottleRequests.php(80): Illuminate\\Routing\\Middleware\\ThrottleRequests->handleRequestUsingNamedLimiter()
#35 C:\\Users\\aridn\\OneDrive\\Área de Trabalho\\fram dev php\\pokemon\\vendor\\laravel\\framework\\src\\Illuminate\\Pipeline\\Pipeline.php(180): Illuminate\\Routing\\Middleware\\ThrottleRequests->handle()
#36 C:\\Users\\aridn\\OneDrive\\Área de Trabalho\\fram dev php\\pokemon\\vendor\\laravel\\framework\\src\\Illuminate\\Pipeline\\Pipeline.php(116): Illuminate\\Pipeline\\Pipeline->Illuminate\\Pipeline\\{closure}()
#37 C:\\Users\\aridn\\OneDrive\\Área de Trabalho\\fram dev php\\pokemon\\vendor\\laravel\\framework\\src\\Illuminate\\Routing\\Router.php(798): Illuminate\\Pipeline\\Pipeline->then()
#38 C:\\Users\\aridn\\OneDrive\\Área de Trabalho\\fram dev php\\pokemon\\vendor\\laravel\\framework\\src\\Illuminate\\Routing\\Router.php(777): Illuminate\\Routing\\Router->runRouteWithinStack()
#39 C:\\Users\\aridn\\OneDrive\\Área de Trabalho\\fram dev php\\pokemon\\vendor\\laravel\\framework\\src\\Illuminate\\Routing\\Router.php(741): Illuminate\\Routing\\Router->runRoute()
#40 C:\\Users\\aridn\\OneDrive\\Área de Trabalho\\fram dev php\\pokemon\\vendor\\laravel\\framework\\src\\Illuminate\\Routing\\Router.php(730): Illuminate\\Routing\\Router->dispatchToRoute()
#41 C:\\Users\\aridn\\OneDrive\\Área de Trabalho\\fram dev php\\pokemon\\vendor\\laravel\\framework\\src\\Illuminate\\Foundation\\Http\\Kernel.php(200): Illuminate\\Routing\\Router->dispatch()
#42 C:\\Users\\aridn\\OneDrive\\Área de Trabalho\\fram dev php\\pokemon\\vendor\\laravel\\framework\\src\\Illuminate\\Pipeline\\Pipeline.php(141): Illuminate\\Foundation\\Http\\Kernel->Illuminate\\Foundation\\Http\\{closure}()
#43 C:\\Users\\aridn\\OneDrive\\Área de Trabalho\\fram dev php\\pokemon\\vendor\\laravel\\framework\\src\\Illuminate\\Foundation\\Http\\Middleware\\TransformsRequest.php(21): Illuminate\\Pipeline\\Pipeline->Illuminate\\Pipeline\\{closure}()
#44 C:\\Users\\aridn\\OneDrive\\Área de Trabalho\\fram dev php\\pokemon\\vendor\\laravel\\framework\\src\\Illuminate\\Foundation\\Http\\Middleware\\ConvertEmptyStringsToNull.php(31): Illuminate\\Foundation\\Http\\Middleware\\TransformsRequest->handle()
#45 C:\\Users\\aridn\\OneDrive\\Área de Trabalho\\fram dev php\\pokemon\\vendor\\laravel\\framework\\src\\Illuminate\\Pipeline\\Pipeline.php(180): Illuminate\\Foundation\\Http\\Middleware\\ConvertEmptyStringsToNull->handle()
#46 C:\\Users\\aridn\\OneDrive\\Área de Trabalho\\fram dev php\\pokemon\\vendor\\laravel\\framework\\src\\Illuminate\\Foundation\\Http\\Middleware\\TransformsRequest.php(21): Illuminate\\Pipeline\\Pipeline->Illuminate\\Pipeline\\{closure}()
#47 C:\\Users\\aridn\\OneDrive\\Área de Trabalho\\fram dev php\\pokemon\\vendor\\laravel\\framework\\src\\Illuminate\\Foundation\\Http\\Middleware\\TrimStrings.php(40): Illuminate\\Foundation\\Http\\Middleware\\TransformsRequest->handle()
#48 C:\\Users\\aridn\\OneDrive\\Área de Trabalho\\fram dev php\\pokemon\\vendor\\laravel\\framework\\src\\Illuminate\\Pipeline\\Pipeline.php(180): Illuminate\\Foundation\\Http\\Middleware\\TrimStrings->handle()
#49 C:\\Users\\aridn\\OneDrive\\Área de Trabalho\\fram dev php\\pokemon\\vendor\\laravel\\framework\\src\\Illuminate\\Foundation\\Http\\Middleware\\ValidatePostSize.php(27): Illuminate\\Pipeline\\Pipeline->Illuminate\\Pipeline\\{closure}()
#50 C:\\Users\\aridn\\OneDrive\\Área de Trabalho\\fram dev php\\pokemon\\vendor\\laravel\\framework\\src\\Illuminate\\Pipeline\\Pipeline.php(180): Illuminate\\Foundation\\Http\\Middleware\\ValidatePostSize->handle()
#51 C:\\Users\\aridn\\OneDrive\\Área de Trabalho\\fram dev php\\pokemon\\vendor\\laravel\\framework\\src\\Illuminate\\Foundation\\Http\\Middleware\\PreventRequestsDuringMaintenance.php(86): Illuminate\\Pipeline\\Pipeline->Illuminate\\Pipeline\\{closure}()
#52 C:\\Users\\aridn\\OneDrive\\Área de Trabalho\\fram dev php\\pokemon\\vendor\\laravel\\framework\\src\\Illuminate\\Pipeline\\Pipeline.php(180): Illuminate\\Foundation\\Http\\Middleware\\PreventRequestsDuringMaintenance->handle()
#53 C:\\Users\\aridn\\OneDrive\\Área de Trabalho\\fram dev php\\pokemon\\vendor\\laravel\\framework\\src\\Illuminate\\Http\\Middleware\\HandleCors.php(62): Illuminate\\Pipeline\\Pipeline->Illuminate\\Pipeline\\{closure}()
#54 C:\\Users\\aridn\\OneDrive\\Área de Trabalho\\fram dev php\\pokemon\\vendor\\laravel\\framework\\src\\Illuminate\\Pipeline\\Pipeline.php(180): Illuminate\\Http\\Middleware\\HandleCors->handle()
#55 C:\\Users\\aridn\\OneDrive\\Área de Trabalho\\fram dev php\\pokemon\\vendor\\laravel\\framework\\src\\Illuminate\\Http\\Middleware\\TrustProxies.php(39): Illuminate\\Pipeline\\Pipeline->Illuminate\\Pipeline\\{closure}()
#56 C:\\Users\\aridn\\OneDrive\\Área de Trabalho\\fram dev php\\pokemon\\vendor\\laravel\\framework\\src\\Illuminate\\Pipeline\\Pipeline.php(180): Illuminate\\Http\\Middleware\\TrustProxies->handle()
#57 C:\\Users\\aridn\\OneDrive\\Área de Trabalho\\fram dev php\\pokemon\\vendor\\laravel\\framework\\src\\Illuminate\\Pipeline\\Pipeline.php(116): Illuminate\\Pipeline\\Pipeline->Illuminate\\Pipeline\\{closure}()
#58 C:\\Users\\aridn\\OneDrive\\Área de Trabalho\\fram dev php\\pokemon\\vendor\\laravel\\framework\\src\\Illuminate\\Foundation\\Http\\Kernel.php(175): Illuminate\\Pipeline\\Pipeline->then()
#59 C:\\Users\\aridn\\OneDrive\\Área de Trabalho\\fram dev php\\pokemon\\vendor\\laravel\\framework\\src\\Illuminate\\Foundation\\Http\\Kernel.php(144): Illuminate\\Foundation\\Http\\Kernel->sendRequestThroughRouter()
#60 C:\\Users\\aridn\\OneDrive\\Área de Trabalho\\fram dev php\\pokemon\\public\\index.php(51): Illuminate\\Foundation\\Http\\Kernel->handle()
#61 C:\\Users\\aridn\\OneDrive\\Área de Trabalho\\fram dev php\\pokemon\\vendor\\laravel\\framework\\src\\Illuminate\\Foundation\\resources\\server.php(16): require_once('...')
#62 {main}
"} 
[2023-05-31 01:04:27] local.ERROR: cURL error 60: SSL certificate problem: unable to get local issuer certificate (see https://curl.haxx.se/libcurl/c/libcurl-errors.html) for https://pokeapi.co/api/v2/pokemon/pikachu {"exception":"[object] (GuzzleHttp\\Exception\\RequestException(code: 0): cURL error 60: SSL certificate problem: unable to get local issuer certificate (see https://curl.haxx.se/libcurl/c/libcurl-errors.html) for https://pokeapi.co/api/v2/pokemon/pikachu at C:\\Users\\aridn\\OneDrive\\Área de Trabalho\\fram dev php\\pokemon\\vendor\\guzzlehttp\\guzzle\\src\\Handler\\CurlFactory.php:211)
[stacktrace]
#0 C:\\Users\\aridn\\OneDrive\\Área de Trabalho\\fram dev php\\pokemon\\vendor\\guzzlehttp\\guzzle\\src\\Handler\\CurlFactory.php(158): GuzzleHttp\\Handler\\CurlFactory::createRejection()
#1 C:\\Users\\aridn\\OneDrive\\Área de Trabalho\\fram dev php\\pokemon\\vendor\\guzzlehttp\\guzzle\\src\\Handler\\CurlFactory.php(110): GuzzleHttp\\Handler\\CurlFactory::finishError()
#2 C:\\Users\\aridn\\OneDrive\\Área de Trabalho\\fram dev php\\pokemon\\vendor\\guzzlehttp\\guzzle\\src\\Handler\\CurlHandler.php(47): GuzzleHttp\\Handler\\CurlFactory::finish()
#3 C:\\Users\\aridn\\OneDrive\\Área de Trabalho\\fram dev php\\pokemon\\vendor\\guzzlehttp\\guzzle\\src\\Handler\\Proxy.php(28): GuzzleHttp\\Handler\\CurlHandler->__invoke()
#4 C:\\Users\\aridn\\OneDrive\\Área de Trabalho\\fram dev php\\pokemon\\vendor\\guzzlehttp\\guzzle\\src\\Handler\\Proxy.php(48): GuzzleHttp\\Handler\\Proxy::GuzzleHttp\\Handler\\{closure}()
#5 C:\\Users\\aridn\\OneDrive\\Área de Trabalho\\fram dev php\\pokemon\\vendor\\laravel\\framework\\src\\Illuminate\\Http\\Client\\PendingRequest.php(1157): GuzzleHttp\\Handler\\Proxy::GuzzleHttp\\Handler\\{closure}()
#6 C:\\Users\\aridn\\OneDrive\\Área de Trabalho\\fram dev php\\pokemon\\vendor\\laravel\\framework\\src\\Illuminate\\Http\\Client\\PendingRequest.php(1123): Illuminate\\Http\\Client\\PendingRequest->Illuminate\\Http\\Client\\{closure}()
#7 C:\\Users\\aridn\\OneDrive\\Área de Trabalho\\fram dev php\\pokemon\\vendor\\laravel\\framework\\src\\Illuminate\\Http\\Client\\PendingRequest.php(1109): Illuminate\\Http\\Client\\PendingRequest->Illuminate\\Http\\Client\\{closure}()
#8 C:\\Users\\aridn\\OneDrive\\Área de Trabalho\\fram dev php\\pokemon\\vendor\\guzzlehttp\\guzzle\\src\\PrepareBodyMiddleware.php(35): Illuminate\\Http\\Client\\PendingRequest->Illuminate\\Http\\Client\\{closure}()
#9 C:\\Users\\aridn\\OneDrive\\Área de Trabalho\\fram dev php\\pokemon\\vendor\\guzzlehttp\\guzzle\\src\\Middleware.php(38): GuzzleHttp\\PrepareBodyMiddleware->__invoke()
#10 C:\\Users\\aridn\\OneDrive\\Área de Trabalho\\fram dev php\\pokemon\\vendor\\guzzlehttp\\guzzle\\src\\RedirectMiddleware.php(71): GuzzleHttp\\Middleware::GuzzleHttp\\{closure}()
#11 C:\\Users\\aridn\\OneDrive\\Área de Trabalho\\fram dev php\\pokemon\\vendor\\guzzlehttp\\guzzle\\src\\Middleware.php(63): GuzzleHttp\\RedirectMiddleware->__invoke()
#12 C:\\Users\\aridn\\OneDrive\\Área de Trabalho\\fram dev php\\pokemon\\vendor\\guzzlehttp\\guzzle\\src\\HandlerStack.php(75): GuzzleHttp\\Middleware::GuzzleHttp\\{closure}()
#13 C:\\Users\\aridn\\OneDrive\\Área de Trabalho\\fram dev php\\pokemon\\vendor\\guzzlehttp\\guzzle\\src\\Client.php(333): GuzzleHttp\\HandlerStack->__invoke()
#14 C:\\Users\\aridn\\OneDrive\\Área de Trabalho\\fram dev php\\pokemon\\vendor\\guzzlehttp\\guzzle\\src\\Client.php(169): GuzzleHttp\\Client->transfer()
#15 C:\\Users\\aridn\\OneDrive\\Área de Trabalho\\fram dev php\\pokemon\\vendor\\guzzlehttp\\guzzle\\src\\Client.php(189): GuzzleHttp\\Client->requestAsync()
#16 C:\\Users\\aridn\\OneDrive\\Área de Trabalho\\fram dev php\\pokemon\\vendor\\laravel\\framework\\src\\Illuminate\\Http\\Client\\PendingRequest.php(970): GuzzleHttp\\Client->request()
#17 C:\\Users\\aridn\\OneDrive\\Área de Trabalho\\fram dev php\\pokemon\\vendor\\laravel\\framework\\src\\Illuminate\\Http\\Client\\PendingRequest.php(824): Illuminate\\Http\\Client\\PendingRequest->sendRequest()
#18 C:\\Users\\aridn\\OneDrive\\Área de Trabalho\\fram dev php\\pokemon\\vendor\\laravel\\framework\\src\\Illuminate\\Support\\helpers.php(248): Illuminate\\Http\\Client\\PendingRequest->Illuminate\\Http\\Client\\{closure}()
#19 C:\\Users\\aridn\\OneDrive\\Área de Trabalho\\fram dev php\\pokemon\\vendor\\laravel\\framework\\src\\Illuminate\\Http\\Client\\PendingRequest.php(822): retry()
#20 C:\\Users\\aridn\\OneDrive\\Área de Trabalho\\fram dev php\\pokemon\\vendor\\laravel\\framework\\src\\Illuminate\\Http\\Client\\PendingRequest.php(700): Illuminate\\Http\\Client\\PendingRequest->send()
#21 C:\\Users\\aridn\\OneDrive\\Área de Trabalho\\fram dev php\\pokemon\\vendor\\laravel\\framework\\src\\Illuminate\\Http\\Client\\Factory.php(384): Illuminate\\Http\\Client\\PendingRequest->get()
#22 C:\\Users\\aridn\\OneDrive\\Área de Trabalho\\fram dev php\\pokemon\\vendor\\laravel\\framework\\src\\Illuminate\\Support\\Facades\\Facade.php(353): Illuminate\\Http\\Client\\Factory->__call()
#23 C:\\Users\\aridn\\OneDrive\\Área de Trabalho\\fram dev php\\pokemon\\app\\Http\\Controllers\\BattleController.php(40): Illuminate\\Support\\Facades\\Facade::__callStatic()
#24 C:\\Users\\aridn\\OneDrive\\Área de Trabalho\\fram dev php\\pokemon\\vendor\\laravel\\framework\\src\\Illuminate\\Routing\\Controller.php(54): App\\Http\\Controllers\\BattleController->show()
#25 C:\\Users\\aridn\\OneDrive\\Área de Trabalho\\fram dev php\\pokemon\\vendor\\laravel\\framework\\src\\Illuminate\\Routing\\ControllerDispatcher.php(43): Illuminate\\Routing\\Controller->callAction()
#26 C:\\Users\\aridn\\OneDrive\\Área de Trabalho\\fram dev php\\pokemon\\vendor\\laravel\\framework\\src\\Illuminate\\Routing\\Route.php(259): Illuminate\\Routing\\ControllerDispatcher->dispatch()
#27 C:\\Users\\aridn\\OneDrive\\Área de Trabalho\\fram dev php\\pokemon\\vendor\\laravel\\framework\\src\\Illuminate\\Routing\\Route.php(205): Illuminate\\Routing\\Route->runController()
#28 C:\\Users\\aridn\\OneDrive\\Área de Trabalho\\fram dev php\\pokemon\\vendor\\laravel\\framework\\src\\Illuminate\\Routing\\Router.php(799): Illuminate\\Routing\\Route->run()
#29 C:\\Users\\aridn\\OneDrive\\Área de Trabalho\\fram dev php\\pokemon\\vendor\\laravel\\framework\\src\\Illuminate\\Pipeline\\Pipeline.php(141): Illuminate\\Routing\\Router->Illuminate\\Routing\\{closure}()
#30 C:\\Users\\aridn\\OneDrive\\Área de Trabalho\\fram dev php\\pokemon\\vendor\\laravel\\framework\\src\\Illuminate\\Routing\\Middleware\\SubstituteBindings.php(50): Illuminate\\Pipeline\\Pipeline->Illuminate\\Pipeline\\{closure}()
#31 C:\\Users\\aridn\\OneDrive\\Área de Trabalho\\fram dev php\\pokemon\\vendor\\laravel\\framework\\src\\Illuminate\\Pipeline\\Pipeline.php(180): Illuminate\\Routing\\Middleware\\SubstituteBindings->handle()
#32 C:\\Users\\aridn\\OneDrive\\Área de Trabalho\\fram dev php\\pokemon\\vendor\\laravel\\framework\\src\\Illuminate\\Routing\\Middleware\\ThrottleRequests.php(152): Illuminate\\Pipeline\\Pipeline->Illuminate\\Pipeline\\{closure}()
#33 C:\\Users\\aridn\\OneDrive\\Área de Trabalho\\fram dev php\\pokemon\\vendor\\laravel\\framework\\src\\Illuminate\\Routing\\Middleware\\ThrottleRequests.php(118): Illuminate\\Routing\\Middleware\\ThrottleRequests->handleRequest()
#34 C:\\Users\\aridn\\OneDrive\\Área de Trabalho\\fram dev php\\pokemon\\vendor\\laravel\\framework\\src\\Illuminate\\Routing\\Middleware\\ThrottleRequests.php(80): Illuminate\\Routing\\Middleware\\ThrottleRequests->handleRequestUsingNamedLimiter()
#35 C:\\Users\\aridn\\OneDrive\\Área de Trabalho\\fram dev php\\pokemon\\vendor\\laravel\\framework\\src\\Illuminate\\Pipeline\\Pipeline.php(180): Illuminate\\Routing\\Middleware\\ThrottleRequests->handle()
#36 C:\\Users\\aridn\\OneDrive\\Área de Trabalho\\fram dev php\\pokemon\\vendor\\laravel\\framework\\src\\Illuminate\\Pipeline\\Pipeline.php(116): Illuminate\\Pipeline\\Pipeline->Illuminate\\Pipeline\\{closure}()
#37 C:\\Users\\aridn\\OneDrive\\Área de Trabalho\\fram dev php\\pokemon\\vendor\\laravel\\framework\\src\\Illuminate\\Routing\\Router.php(798): Illuminate\\Pipeline\\Pipeline->then()
#38 C:\\Users\\aridn\\OneDrive\\Área de Trabalho\\fram dev php\\pokemon\\vendor\\laravel\\framework\\src\\Illuminate\\Routing\\Router.php(777): Illuminate\\Routing\\Router->runRouteWithinStack()
#39 C:\\Users\\aridn\\OneDrive\\Área de Trabalho\\fram dev php\\pokemon\\vendor\\laravel\\framework\\src\\Illuminate\\Routing\\Router.php(741): Illuminate\\Routing\\Router->runRoute()
#40 C:\\Users\\aridn\\OneDrive\\Área de Trabalho\\fram dev php\\pokemon\\vendor\\laravel\\framework\\src\\Illuminate\\Routing\\Router.php(730): Illuminate\\Routing\\Router->dispatchToRoute()
#41 C:\\Users\\aridn\\OneDrive\\Área de Trabalho\\fram dev php\\pokemon\\vendor\\laravel\\framework\\src\\Illuminate\\Foundation\\Http\\Kernel.php(200): Illuminate\\Routing\\Router->dispatch()
#42 C:\\Users\\aridn\\OneDrive\\Área de Trabalho\\fram dev php\\pokemon\\vendor\\laravel\\framework\\src\\Illuminate\\Pipeline\\Pipeline.php(141): Illuminate\\Foundation\\Http\\Kernel->Illuminate\\Foundation\\Http\\{closure}()
#43 C:\\Users\\aridn\\OneDrive\\Área de Trabalho\\fram dev php\\pokemon\\vendor\\laravel\\framework\\src\\Illuminate\\Foundation\\Http\\Middleware\\TransformsRequest.php(21): Illuminate\\Pipeline\\Pipeline->Illuminate\\Pipeline\\{closure}()
#44 C:\\Users\\aridn\\OneDrive\\Área de Trabalho\\fram dev php\\pokemon\\vendor\\laravel\\framework\\src\\Illuminate\\Foundation\\Http\\Middleware\\ConvertEmptyStringsToNull.php(31): Illuminate\\Foundation\\Http\\Middleware\\TransformsRequest->handle()
#45 C:\\Users\\aridn\\OneDrive\\Área de Trabalho\\fram dev php\\pokemon\\vendor\\laravel\\framework\\src\\Illuminate\\Pipeline\\Pipeline.php(180): Illuminate\\Foundation\\Http\\Middleware\\ConvertEmptyStringsToNull->handle()
#46 C:\\Users\\aridn\\OneDrive\\Área de Trabalho\\fram dev php\\pokemon\\vendor\\laravel\\framework\\src\\Illuminate\\Foundation\\Http\\Middleware\\TransformsRequest.php(21): Illuminate\\Pipeline\\Pipeline->Illuminate\\Pipeline\\{closure}()
#47 C:\\Users\\aridn\\OneDrive\\Área de Trabalho\\fram dev php\\pokemon\\vendor\\laravel\\framework\\src\\Illuminate\\Foundation\\Http\\Middleware\\TrimStrings.php(40): Illuminate\\Foundation\\Http\\Middleware\\TransformsRequest->handle()
#48 C:\\Users\\aridn\\OneDrive\\Área de Trabalho\\fram dev php\\pokemon\\vendor\\laravel\\framework\\src\\Illuminate\\Pipeline\\Pipeline.php(180): Illuminate\\Foundation\\Http\\Middleware\\TrimStrings->handle()
#49 C:\\Users\\aridn\\OneDrive\\Área de Trabalho\\fram dev php\\pokemon\\vendor\\laravel\\framework\\src\\Illuminate\\Foundation\\Http\\Middleware\\ValidatePostSize.php(27): Illuminate\\Pipeline\\Pipeline->Illuminate\\Pipeline\\{closure}()
#50 C:\\Users\\aridn\\OneDrive\\Área de Trabalho\\fram dev php\\pokemon\\vendor\\laravel\\framework\\src\\Illuminate\\Pipeline\\Pipeline.php(180): Illuminate\\Foundation\\Http\\Middleware\\ValidatePostSize->handle()
#51 C:\\Users\\aridn\\OneDrive\\Área de Trabalho\\fram dev php\\pokemon\\vendor\\laravel\\framework\\src\\Illuminate\\Foundation\\Http\\Middleware\\PreventRequestsDuringMaintenance.php(86): Illuminate\\Pipeline\\Pipeline->Illuminate\\Pipeline\\{closure}()
#52 C:\\Users\\aridn\\OneDrive\\Área de Trabalho\\fram dev php\\pokemon\\vendor\\laravel\\framework\\src\\Illuminate\\Pipeline\\Pipeline.php(180): Illuminate\\Foundation\\Http\\Middleware\\PreventRequestsDuringMaintenance->handle()
#53 C:\\Users\\aridn\\OneDrive\\Área de Trabalho\\fram dev php\\pokemon\\vendor\\laravel\\framework\\src\\Illuminate\\Http\\Middleware\\HandleCors.php(62): Illuminate\\Pipeline\\Pipeline->Illuminate\\Pipeline\\{closure}()
#54 C:\\Users\\aridn\\OneDrive\\Área de Trabalho\\fram dev php\\pokemon\\vendor\\laravel\\framework\\src\\Illuminate\\Pipeline\\Pipeline.php(180): Illuminate\\Http\\Middleware\\HandleCors->handle()
#55 C:\\Users\\aridn\\OneDrive\\Área de Trabalho\\fram dev php\\pokemon\\vendor\\laravel\\framework\\src\\Illuminate\\Http\\Middleware\\TrustProxies.php(39): Illuminate\\Pipeline\\Pipeline->Illuminate\\Pipeline\\{closure}()
#56 C:\\Users\\aridn\\OneDrive\\Área de Trabalho\\fram dev php\\pokemon\\vendor\\laravel\\framework\\src\\Illuminate\\Pipeline\\Pipeline.php(180): Illuminate\\Http\\Middleware\\TrustProxies->handle()
#57 C:\\Users\\aridn\\OneDrive\\Área de Trabalho\\fram dev php\\pokemon\\vendor\\laravel\\framework\\src\\Illuminate\\Pipeline\\Pipeline.php(116): Illuminate\\Pipeline\\Pipeline->Illuminate\\Pipeline\\{closure}()
#58 C:\\Users\\aridn\\OneDrive\\Área de Trabalho\\fram dev php\\pokemon\\vendor\\laravel\\framework\\src\\Illuminate\\Foundation\\Http\\Kernel.php(175): Illuminate\\Pipeline\\Pipeline->then()
#59 C:\\Users\\aridn\\OneDrive\\Área de Trabalho\\fram dev php\\pokemon\\vendor\\laravel\\framework\\src\\Illuminate\\Foundation\\Http\\Kernel.php(144): Illuminate\\Foundation\\Http\\Kernel->sendRequestThroughRouter()
#60 C:\\Users\\aridn\\OneDrive\\Área de Trabalho\\fram dev php\\pokemon\\public\\index.php(51): Illuminate\\Foundation\\Http\\Kernel->handle()
#61 C:\\Users\\aridn\\OneDrive\\Área de Trabalho\\fram dev php\\pokemon\\vendor\\laravel\\framework\\src\\Illuminate\\Foundation\\resources\\server.php(16): require_once('...')
#62 {main}
"} 
[2023-05-31 01:14:03] local.ERROR: Undefined array key "base_stat" {"exception":"[object] (ErrorException(code: 0): Undefined array key \"base_stat\" at C:\\Users\\aridn\\OneDrive\\Área de Trabalho\\fram dev php\\pokemon\\app\\Http\\Controllers\\BattleController.php:58)
[stacktrace]
#0 C:\\Users\\aridn\\OneDrive\\Área de Trabalho\\fram dev php\\pokemon\\vendor\\laravel\\framework\\src\\Illuminate\\Foundation\\Bootstrap\\HandleExceptions.php(254): Illuminate\\Foundation\\Bootstrap\\HandleExceptions->handleError()
#1 C:\\Users\\aridn\\OneDrive\\Área de Trabalho\\fram dev php\\pokemon\\app\\Http\\Controllers\\BattleController.php(58): Illuminate\\Foundation\\Bootstrap\\HandleExceptions->Illuminate\\Foundation\\Bootstrap\\{closure}()
#2 C:\\Users\\aridn\\OneDrive\\Área de Trabalho\\fram dev php\\pokemon\\vendor\\laravel\\framework\\src\\Illuminate\\Routing\\Controller.php(54): App\\Http\\Controllers\\BattleController->show()
#3 C:\\Users\\aridn\\OneDrive\\Área de Trabalho\\fram dev php\\pokemon\\vendor\\laravel\\framework\\src\\Illuminate\\Routing\\ControllerDispatcher.php(43): Illuminate\\Routing\\Controller->callAction()
#4 C:\\Users\\aridn\\OneDrive\\Área de Trabalho\\fram dev php\\pokemon\\vendor\\laravel\\framework\\src\\Illuminate\\Routing\\Route.php(259): Illuminate\\Routing\\ControllerDispatcher->dispatch()
#5 C:\\Users\\aridn\\OneDrive\\Área de Trabalho\\fram dev php\\pokemon\\vendor\\laravel\\framework\\src\\Illuminate\\Routing\\Route.php(205): Illuminate\\Routing\\Route->runController()
#6 C:\\Users\\aridn\\OneDrive\\Área de Trabalho\\fram dev php\\pokemon\\vendor\\laravel\\framework\\src\\Illuminate\\Routing\\Router.php(799): Illuminate\\Routing\\Route->run()
#7 C:\\Users\\aridn\\OneDrive\\Área de Trabalho\\fram dev php\\pokemon\\vendor\\laravel\\framework\\src\\Illuminate\\Pipeline\\Pipeline.php(141): Illuminate\\Routing\\Router->Illuminate\\Routing\\{closure}()
#8 C:\\Users\\aridn\\OneDrive\\Área de Trabalho\\fram dev php\\pokemon\\vendor\\laravel\\framework\\src\\Illuminate\\Routing\\Middleware\\SubstituteBindings.php(50): Illuminate\\Pipeline\\Pipeline->Illuminate\\Pipeline\\{closure}()
#9 C:\\Users\\aridn\\OneDrive\\Área de Trabalho\\fram dev php\\pokemon\\vendor\\laravel\\framework\\src\\Illuminate\\Pipeline\\Pipeline.php(180): Illuminate\\Routing\\Middleware\\SubstituteBindings->handle()
#10 C:\\Users\\aridn\\OneDrive\\Área de Trabalho\\fram dev php\\pokemon\\vendor\\laravel\\framework\\src\\Illuminate\\Routing\\Middleware\\ThrottleRequests.php(152): Illuminate\\Pipeline\\Pipeline->Illuminate\\Pipeline\\{closure}()
#11 C:\\Users\\aridn\\OneDrive\\Área de Trabalho\\fram dev php\\pokemon\\vendor\\laravel\\framework\\src\\Illuminate\\Routing\\Middleware\\ThrottleRequests.php(118): Illuminate\\Routing\\Middleware\\ThrottleRequests->handleRequest()
#12 C:\\Users\\aridn\\OneDrive\\Área de Trabalho\\fram dev php\\pokemon\\vendor\\laravel\\framework\\src\\Illuminate\\Routing\\Middleware\\ThrottleRequests.php(80): Illuminate\\Routing\\Middleware\\ThrottleRequests->handleRequestUsingNamedLimiter()
#13 C:\\Users\\aridn\\OneDrive\\Área de Trabalho\\fram dev php\\pokemon\\vendor\\laravel\\framework\\src\\Illuminate\\Pipeline\\Pipeline.php(180): Illuminate\\Routing\\Middleware\\ThrottleRequests->handle()
#14 C:\\Users\\aridn\\OneDrive\\Área de Trabalho\\fram dev php\\pokemon\\vendor\\laravel\\framework\\src\\Illuminate\\Pipeline\\Pipeline.php(116): Illuminate\\Pipeline\\Pipeline->Illuminate\\Pipeline\\{closure}()
#15 C:\\Users\\aridn\\OneDrive\\Área de Trabalho\\fram dev php\\pokemon\\vendor\\laravel\\framework\\src\\Illuminate\\Routing\\Router.php(798): Illuminate\\Pipeline\\Pipeline->then()
#16 C:\\Users\\aridn\\OneDrive\\Área de Trabalho\\fram dev php\\pokemon\\vendor\\laravel\\framework\\src\\Illuminate\\Routing\\Router.php(777): Illuminate\\Routing\\Router->runRouteWithinStack()
#17 C:\\Users\\aridn\\OneDrive\\Área de Trabalho\\fram dev php\\pokemon\\vendor\\laravel\\framework\\src\\Illuminate\\Routing\\Router.php(741): Illuminate\\Routing\\Router->runRoute()
#18 C:\\Users\\aridn\\OneDrive\\Área de Trabalho\\fram dev php\\pokemon\\vendor\\laravel\\framework\\src\\Illuminate\\Routing\\Router.php(730): Illuminate\\Routing\\Router->dispatchToRoute()
#19 C:\\Users\\aridn\\OneDrive\\Área de Trabalho\\fram dev php\\pokemon\\vendor\\laravel\\framework\\src\\Illuminate\\Foundation\\Http\\Kernel.php(200): Illuminate\\Routing\\Router->dispatch()
#20 C:\\Users\\aridn\\OneDrive\\Área de Trabalho\\fram dev php\\pokemon\\vendor\\laravel\\framework\\src\\Illuminate\\Pipeline\\Pipeline.php(141): Illuminate\\Foundation\\Http\\Kernel->Illuminate\\Foundation\\Http\\{closure}()
#21 C:\\Users\\aridn\\OneDrive\\Área de Trabalho\\fram dev php\\pokemon\\vendor\\laravel\\framework\\src\\Illuminate\\Foundation\\Http\\Middleware\\TransformsRequest.php(21): Illuminate\\Pipeline\\Pipeline->Illuminate\\Pipeline\\{closure}()
#22 C:\\Users\\aridn\\OneDrive\\Área de Trabalho\\fram dev php\\pokemon\\vendor\\laravel\\framework\\src\\Illuminate\\Foundation\\Http\\Middleware\\ConvertEmptyStringsToNull.php(31): Illuminate\\Foundation\\Http\\Middleware\\TransformsRequest->handle()
#23 C:\\Users\\aridn\\OneDrive\\Área de Trabalho\\fram dev php\\pokemon\\vendor\\laravel\\framework\\src\\Illuminate\\Pipeline\\Pipeline.php(180): Illuminate\\Foundation\\Http\\Middleware\\ConvertEmptyStringsToNull->handle()
#24 C:\\Users\\aridn\\OneDrive\\Área de Trabalho\\fram dev php\\pokemon\\vendor\\laravel\\framework\\src\\Illuminate\\Foundation\\Http\\Middleware\\TransformsRequest.php(21): Illuminate\\Pipeline\\Pipeline->Illuminate\\Pipeline\\{closure}()
#25 C:\\Users\\aridn\\OneDrive\\Área de Trabalho\\fram dev php\\pokemon\\vendor\\laravel\\framework\\src\\Illuminate\\Foundation\\Http\\Middleware\\TrimStrings.php(40): Illuminate\\Foundation\\Http\\Middleware\\TransformsRequest->handle()
#26 C:\\Users\\aridn\\OneDrive\\Área de Trabalho\\fram dev php\\pokemon\\vendor\\laravel\\framework\\src\\Illuminate\\Pipeline\\Pipeline.php(180): Illuminate\\Foundation\\Http\\Middleware\\TrimStrings->handle()
#27 C:\\Users\\aridn\\OneDrive\\Área de Trabalho\\fram dev php\\pokemon\\vendor\\laravel\\framework\\src\\Illuminate\\Foundation\\Http\\Middleware\\ValidatePostSize.php(27): Illuminate\\Pipeline\\Pipeline->Illuminate\\Pipeline\\{closure}()
#28 C:\\Users\\aridn\\OneDrive\\Área de Trabalho\\fram dev php\\pokemon\\vendor\\laravel\\framework\\src\\Illuminate\\Pipeline\\Pipeline.php(180): Illuminate\\Foundation\\Http\\Middleware\\ValidatePostSize->handle()
#29 C:\\Users\\aridn\\OneDrive\\Área de Trabalho\\fram dev php\\pokemon\\vendor\\laravel\\framework\\src\\Illuminate\\Foundation\\Http\\Middleware\\PreventRequestsDuringMaintenance.php(86): Illuminate\\Pipeline\\Pipeline->Illuminate\\Pipeline\\{closure}()
#30 C:\\Users\\aridn\\OneDrive\\Área de Trabalho\\fram dev php\\pokemon\\vendor\\laravel\\framework\\src\\Illuminate\\Pipeline\\Pipeline.php(180): Illuminate\\Foundation\\Http\\Middleware\\PreventRequestsDuringMaintenance->handle()
#31 C:\\Users\\aridn\\OneDrive\\Área de Trabalho\\fram dev php\\pokemon\\vendor\\laravel\\framework\\src\\Illuminate\\Http\\Middleware\\HandleCors.php(62): Illuminate\\Pipeline\\Pipeline->Illuminate\\Pipeline\\{closure}()
#32 C:\\Users\\aridn\\OneDrive\\Área de Trabalho\\fram dev php\\pokemon\\vendor\\laravel\\framework\\src\\Illuminate\\Pipeline\\Pipeline.php(180): Illuminate\\Http\\Middleware\\HandleCors->handle()
#33 C:\\Users\\aridn\\OneDrive\\Área de Trabalho\\fram dev php\\pokemon\\vendor\\laravel\\framework\\src\\Illuminate\\Http\\Middleware\\TrustProxies.php(39): Illuminate\\Pipeline\\Pipeline->Illuminate\\Pipeline\\{closure}()
#34 C:\\Users\\aridn\\OneDrive\\Área de Trabalho\\fram dev php\\pokemon\\vendor\\laravel\\framework\\src\\Illuminate\\Pipeline\\Pipeline.php(180): Illuminate\\Http\\Middleware\\TrustProxies->handle()
#35 C:\\Users\\aridn\\OneDrive\\Área de Trabalho\\fram dev php\\pokemon\\vendor\\laravel\\framework\\src\\Illuminate\\Pipeline\\Pipeline.php(116): Illuminate\\Pipeline\\Pipeline->Illuminate\\Pipeline\\{closure}()
#36 C:\\Users\\aridn\\OneDrive\\Área de Trabalho\\fram dev php\\pokemon\\vendor\\laravel\\framework\\src\\Illuminate\\Foundation\\Http\\Kernel.php(175): Illuminate\\Pipeline\\Pipeline->then()
#37 C:\\Users\\aridn\\OneDrive\\Área de Trabalho\\fram dev php\\pokemon\\vendor\\laravel\\framework\\src\\Illuminate\\Foundation\\Http\\Kernel.php(144): Illuminate\\Foundation\\Http\\Kernel->sendRequestThroughRouter()
#38 C:\\Users\\aridn\\OneDrive\\Área de Trabalho\\fram dev php\\pokemon\\public\\index.php(51): Illuminate\\Foundation\\Http\\Kernel->handle()
#39 C:\\Users\\aridn\\OneDrive\\Área de Trabalho\\fram dev php\\pokemon\\vendor\\laravel\\framework\\src\\Illuminate\\Foundation\\resources\\server.php(16): require_once('...')
#40 {main}
"} 
[2023-05-31 01:15:30] local.ERROR: Undefined array key "base_stet" {"exception":"[object] (ErrorException(code: 0): Undefined array key \"base_stet\" at C:\\Users\\aridn\\OneDrive\\Área de Trabalho\\fram dev php\\pokemon\\app\\Http\\Controllers\\BattleController.php:58)
[stacktrace]
#0 C:\\Users\\aridn\\OneDrive\\Área de Trabalho\\fram dev php\\pokemon\\vendor\\laravel\\framework\\src\\Illuminate\\Foundation\\Bootstrap\\HandleExceptions.php(254): Illuminate\\Foundation\\Bootstrap\\HandleExceptions->handleError()
#1 C:\\Users\\aridn\\OneDrive\\Área de Trabalho\\fram dev php\\pokemon\\app\\Http\\Controllers\\BattleController.php(58): Illuminate\\Foundation\\Bootstrap\\HandleExceptions->Illuminate\\Foundation\\Bootstrap\\{closure}()
#2 C:\\Users\\aridn\\OneDrive\\Área de Trabalho\\fram dev php\\pokemon\\vendor\\laravel\\framework\\src\\Illuminate\\Routing\\Controller.php(54): App\\Http\\Controllers\\BattleController->show()
#3 C:\\Users\\aridn\\OneDrive\\Área de Trabalho\\fram dev php\\pokemon\\vendor\\laravel\\framework\\src\\Illuminate\\Routing\\ControllerDispatcher.php(43): Illuminate\\Routing\\Controller->callAction()
#4 C:\\Users\\aridn\\OneDrive\\Área de Trabalho\\fram dev php\\pokemon\\vendor\\laravel\\framework\\src\\Illuminate\\Routing\\Route.php(259): Illuminate\\Routing\\ControllerDispatcher->dispatch()
#5 C:\\Users\\aridn\\OneDrive\\Área de Trabalho\\fram dev php\\pokemon\\vendor\\laravel\\framework\\src\\Illuminate\\Routing\\Route.php(205): Illuminate\\Routing\\Route->runController()
#6 C:\\Users\\aridn\\OneDrive\\Área de Trabalho\\fram dev php\\pokemon\\vendor\\laravel\\framework\\src\\Illuminate\\Routing\\Router.php(799): Illuminate\\Routing\\Route->run()
#7 C:\\Users\\aridn\\OneDrive\\Área de Trabalho\\fram dev php\\pokemon\\vendor\\laravel\\framework\\src\\Illuminate\\Pipeline\\Pipeline.php(141): Illuminate\\Routing\\Router->Illuminate\\Routing\\{closure}()
#8 C:\\Users\\aridn\\OneDrive\\Área de Trabalho\\fram dev php\\pokemon\\vendor\\laravel\\framework\\src\\Illuminate\\Routing\\Middleware\\SubstituteBindings.php(50): Illuminate\\Pipeline\\Pipeline->Illuminate\\Pipeline\\{closure}()
#9 C:\\Users\\aridn\\OneDrive\\Área de Trabalho\\fram dev php\\pokemon\\vendor\\laravel\\framework\\src\\Illuminate\\Pipeline\\Pipeline.php(180): Illuminate\\Routing\\Middleware\\SubstituteBindings->handle()
#10 C:\\Users\\aridn\\OneDrive\\Área de Trabalho\\fram dev php\\pokemon\\vendor\\laravel\\framework\\src\\Illuminate\\Routing\\Middleware\\ThrottleRequests.php(152): Illuminate\\Pipeline\\Pipeline->Illuminate\\Pipeline\\{closure}()
#11 C:\\Users\\aridn\\OneDrive\\Área de Trabalho\\fram dev php\\pokemon\\vendor\\laravel\\framework\\src\\Illuminate\\Routing\\Middleware\\ThrottleRequests.php(118): Illuminate\\Routing\\Middleware\\ThrottleRequests->handleRequest()
#12 C:\\Users\\aridn\\OneDrive\\Área de Trabalho\\fram dev php\\pokemon\\vendor\\laravel\\framework\\src\\Illuminate\\Routing\\Middleware\\ThrottleRequests.php(80): Illuminate\\Routing\\Middleware\\ThrottleRequests->handleRequestUsingNamedLimiter()
#13 C:\\Users\\aridn\\OneDrive\\Área de Trabalho\\fram dev php\\pokemon\\vendor\\laravel\\framework\\src\\Illuminate\\Pipeline\\Pipeline.php(180): Illuminate\\Routing\\Middleware\\ThrottleRequests->handle()
#14 C:\\Users\\aridn\\OneDrive\\Área de Trabalho\\fram dev php\\pokemon\\vendor\\laravel\\framework\\src\\Illuminate\\Pipeline\\Pipeline.php(116): Illuminate\\Pipeline\\Pipeline->Illuminate\\Pipeline\\{closure}()
#15 C:\\Users\\aridn\\OneDrive\\Área de Trabalho\\fram dev php\\pokemon\\vendor\\laravel\\framework\\src\\Illuminate\\Routing\\Router.php(798): Illuminate\\Pipeline\\Pipeline->then()
#16 C:\\Users\\aridn\\OneDrive\\Área de Trabalho\\fram dev php\\pokemon\\vendor\\laravel\\framework\\src\\Illuminate\\Routing\\Router.php(777): Illuminate\\Routing\\Router->runRouteWithinStack()
#17 C:\\Users\\aridn\\OneDrive\\Área de Trabalho\\fram dev php\\pokemon\\vendor\\laravel\\framework\\src\\Illuminate\\Routing\\Router.php(741): Illuminate\\Routing\\Router->runRoute()
#18 C:\\Users\\aridn\\OneDrive\\Área de Trabalho\\fram dev php\\pokemon\\vendor\\laravel\\framework\\src\\Illuminate\\Routing\\Router.php(730): Illuminate\\Routing\\Router->dispatchToRoute()
#19 C:\\Users\\aridn\\OneDrive\\Área de Trabalho\\fram dev php\\pokemon\\vendor\\laravel\\framework\\src\\Illuminate\\Foundation\\Http\\Kernel.php(200): Illuminate\\Routing\\Router->dispatch()
#20 C:\\Users\\aridn\\OneDrive\\Área de Trabalho\\fram dev php\\pokemon\\vendor\\laravel\\framework\\src\\Illuminate\\Pipeline\\Pipeline.php(141): Illuminate\\Foundation\\Http\\Kernel->Illuminate\\Foundation\\Http\\{closure}()
#21 C:\\Users\\aridn\\OneDrive\\Área de Trabalho\\fram dev php\\pokemon\\vendor\\laravel\\framework\\src\\Illuminate\\Foundation\\Http\\Middleware\\TransformsRequest.php(21): Illuminate\\Pipeline\\Pipeline->Illuminate\\Pipeline\\{closure}()
#22 C:\\Users\\aridn\\OneDrive\\Área de Trabalho\\fram dev php\\pokemon\\vendor\\laravel\\framework\\src\\Illuminate\\Foundation\\Http\\Middleware\\ConvertEmptyStringsToNull.php(31): Illuminate\\Foundation\\Http\\Middleware\\TransformsRequest->handle()
#23 C:\\Users\\aridn\\OneDrive\\Área de Trabalho\\fram dev php\\pokemon\\vendor\\laravel\\framework\\src\\Illuminate\\Pipeline\\Pipeline.php(180): Illuminate\\Foundation\\Http\\Middleware\\ConvertEmptyStringsToNull->handle()
#24 C:\\Users\\aridn\\OneDrive\\Área de Trabalho\\fram dev php\\pokemon\\vendor\\laravel\\framework\\src\\Illuminate\\Foundation\\Http\\Middleware\\TransformsRequest.php(21): Illuminate\\Pipeline\\Pipeline->Illuminate\\Pipeline\\{closure}()
#25 C:\\Users\\aridn\\OneDrive\\Área de Trabalho\\fram dev php\\pokemon\\vendor\\laravel\\framework\\src\\Illuminate\\Foundation\\Http\\Middleware\\TrimStrings.php(40): Illuminate\\Foundation\\Http\\Middleware\\TransformsRequest->handle()
#26 C:\\Users\\aridn\\OneDrive\\Área de Trabalho\\fram dev php\\pokemon\\vendor\\laravel\\framework\\src\\Illuminate\\Pipeline\\Pipeline.php(180): Illuminate\\Foundation\\Http\\Middleware\\TrimStrings->handle()
#27 C:\\Users\\aridn\\OneDrive\\Área de Trabalho\\fram dev php\\pokemon\\vendor\\laravel\\framework\\src\\Illuminate\\Foundation\\Http\\Middleware\\ValidatePostSize.php(27): Illuminate\\Pipeline\\Pipeline->Illuminate\\Pipeline\\{closure}()
#28 C:\\Users\\aridn\\OneDrive\\Área de Trabalho\\fram dev php\\pokemon\\vendor\\laravel\\framework\\src\\Illuminate\\Pipeline\\Pipeline.php(180): Illuminate\\Foundation\\Http\\Middleware\\ValidatePostSize->handle()
#29 C:\\Users\\aridn\\OneDrive\\Área de Trabalho\\fram dev php\\pokemon\\vendor\\laravel\\framework\\src\\Illuminate\\Foundation\\Http\\Middleware\\PreventRequestsDuringMaintenance.php(86): Illuminate\\Pipeline\\Pipeline->Illuminate\\Pipeline\\{closure}()
#30 C:\\Users\\aridn\\OneDrive\\Área de Trabalho\\fram dev php\\pokemon\\vendor\\laravel\\framework\\src\\Illuminate\\Pipeline\\Pipeline.php(180): Illuminate\\Foundation\\Http\\Middleware\\PreventRequestsDuringMaintenance->handle()
#31 C:\\Users\\aridn\\OneDrive\\Área de Trabalho\\fram dev php\\pokemon\\vendor\\laravel\\framework\\src\\Illuminate\\Http\\Middleware\\HandleCors.php(62): Illuminate\\Pipeline\\Pipeline->Illuminate\\Pipeline\\{closure}()
#32 C:\\Users\\aridn\\OneDrive\\Área de Trabalho\\fram dev php\\pokemon\\vendor\\laravel\\framework\\src\\Illuminate\\Pipeline\\Pipeline.php(180): Illuminate\\Http\\Middleware\\HandleCors->handle()
#33 C:\\Users\\aridn\\OneDrive\\Área de Trabalho\\fram dev php\\pokemon\\vendor\\laravel\\framework\\src\\Illuminate\\Http\\Middleware\\TrustProxies.php(39): Illuminate\\Pipeline\\Pipeline->Illuminate\\Pipeline\\{closure}()
#34 C:\\Users\\aridn\\OneDrive\\Área de Trabalho\\fram dev php\\pokemon\\vendor\\laravel\\framework\\src\\Illuminate\\Pipeline\\Pipeline.php(180): Illuminate\\Http\\Middleware\\TrustProxies->handle()
#35 C:\\Users\\aridn\\OneDrive\\Área de Trabalho\\fram dev php\\pokemon\\vendor\\laravel\\framework\\src\\Illuminate\\Pipeline\\Pipeline.php(116): Illuminate\\Pipeline\\Pipeline->Illuminate\\Pipeline\\{closure}()
#36 C:\\Users\\aridn\\OneDrive\\Área de Trabalho\\fram dev php\\pokemon\\vendor\\laravel\\framework\\src\\Illuminate\\Foundation\\Http\\Kernel.php(175): Illuminate\\Pipeline\\Pipeline->then()
#37 C:\\Users\\aridn\\OneDrive\\Área de Trabalho\\fram dev php\\pokemon\\vendor\\laravel\\framework\\src\\Illuminate\\Foundation\\Http\\Kernel.php(144): Illuminate\\Foundation\\Http\\Kernel->sendRequestThroughRouter()
#38 C:\\Users\\aridn\\OneDrive\\Área de Trabalho\\fram dev php\\pokemon\\public\\index.php(51): Illuminate\\Foundation\\Http\\Kernel->handle()
#39 C:\\Users\\aridn\\OneDrive\\Área de Trabalho\\fram dev php\\pokemon\\vendor\\laravel\\framework\\src\\Illuminate\\Foundation\\resources\\server.php(16): require_once('...')
#40 {main}
"} 
